[2024-12-18 18:16:17] local.INFO: SQLSTATE[23000]: Integrity constraint violation: 1062 Duplicate entry 'test' for key 'pages_slug_unique' (Connection: mysql, SQL: insert into `pages` (`title`, `slug`, `type`, `status`, `token`, `updated_at`, `created_at`) values (Test, test, complex, 1, 6965201d-c286-4ffc-8854-0e58b2bd2b63, 2024-12-18 18:16:17, 2024-12-18 18:16:17))  
[2024-12-18 18:16:34] local.INFO: SQLSTATE[23000]: Integrity constraint violation: 1062 Duplicate entry 'test' for key 'pages_slug_unique' (Connection: mysql, SQL: insert into `pages` (`title`, `slug`, `type`, `status`, `token`, `updated_at`, `created_at`) values (Test, test, complex, 1, f2492753-fd49-47a1-b827-74b1ed312a17, 2024-12-18 18:16:34, 2024-12-18 18:16:34))  
[2024-12-24 17:36:27] local.ERROR: Type Permission not found. Check that the config array key for the type matches the name attribute in the type's class. {"exception":"[object] (Rebing\\GraphQL\\Exception\\TypeNotFound(code: 0): Type Permission not found. Check that the config array key for the type matches the name attribute in the type's class. at /home/tudor/Desktop/admin-insurances/vendor/rebing/graphql-laravel/src/GraphQL.php:276)
[stacktrace]
#0 /home/tudor/Desktop/admin-insurances/vendor/rebing/graphql-laravel/src/GraphQL.php(256): Rebing\\GraphQL\\GraphQL->getType()
#1 /home/tudor/Desktop/admin-insurances/vendor/laravel/framework/src/Illuminate/Support/Facades/Facade.php(358): Rebing\\GraphQL\\GraphQL->type()
#2 /home/tudor/Desktop/admin-insurances/app/GraphQL/Types/Roles/RoleType.php(37): Illuminate\\Support\\Facades\\Facade::__callStatic()
#3 /home/tudor/Desktop/admin-insurances/vendor/rebing/graphql-laravel/src/Support/Type.php(78): App\\GraphQL\\Types\\Roles\\RoleType->fields()
#4 /home/tudor/Desktop/admin-insurances/vendor/rebing/graphql-laravel/src/Support/Type.php(114): Rebing\\GraphQL\\Support\\Type->getFields()
#5 /home/tudor/Desktop/admin-insurances/vendor/webonyx/graphql-php/src/Type/Definition/FieldDefinition.php(141): Rebing\\GraphQL\\Support\\Type->Rebing\\GraphQL\\Support\\{closure}()
#6 /home/tudor/Desktop/admin-insurances/vendor/webonyx/graphql-php/src/Type/Definition/HasFieldsTypeImplementation.php(26): GraphQL\\Type\\Definition\\FieldDefinition::defineFieldMap()
#7 /home/tudor/Desktop/admin-insurances/vendor/webonyx/graphql-php/src/Type/Definition/HasFieldsTypeImplementation.php(61): GraphQL\\Type\\Definition\\ObjectType->initializeFields()
#8 /home/tudor/Desktop/admin-insurances/vendor/webonyx/graphql-php/src/Validator/Rules/OverlappingFieldsCanBeMerged.php(253): GraphQL\\Type\\Definition\\ObjectType->hasField()
#9 /home/tudor/Desktop/admin-insurances/vendor/webonyx/graphql-php/src/Validator/Rules/OverlappingFieldsCanBeMerged.php(161): GraphQL\\Validator\\Rules\\OverlappingFieldsCanBeMerged->internalCollectFieldsAndFragmentNames()
#10 /home/tudor/Desktop/admin-insurances/vendor/webonyx/graphql-php/src/Validator/Rules/OverlappingFieldsCanBeMerged.php(91): GraphQL\\Validator\\Rules\\OverlappingFieldsCanBeMerged->getFieldsAndFragmentNames()
#11 /home/tudor/Desktop/admin-insurances/vendor/webonyx/graphql-php/src/Validator/Rules/OverlappingFieldsCanBeMerged.php(59): GraphQL\\Validator\\Rules\\OverlappingFieldsCanBeMerged->findConflictsWithinSelectionSet()
#12 /home/tudor/Desktop/admin-insurances/vendor/webonyx/graphql-php/src/Language/Visitor.php(390): GraphQL\\Validator\\Rules\\OverlappingFieldsCanBeMerged->GraphQL\\Validator\\Rules\\{closure}()
#13 /home/tudor/Desktop/admin-insurances/vendor/webonyx/graphql-php/src/Language/Visitor.php(453): GraphQL\\Language\\Visitor::GraphQL\\Language\\{closure}()
#14 /home/tudor/Desktop/admin-insurances/vendor/webonyx/graphql-php/src/Language/Visitor.php(263): GraphQL\\Language\\Visitor::GraphQL\\Language\\{closure}()
#15 /home/tudor/Desktop/admin-insurances/vendor/webonyx/graphql-php/src/Validator/DocumentValidator.php(118): GraphQL\\Language\\Visitor::visit()
#16 /home/tudor/Desktop/admin-insurances/vendor/webonyx/graphql-php/src/GraphQL.php(155): GraphQL\\Validator\\DocumentValidator::validate()
#17 /home/tudor/Desktop/admin-insurances/vendor/webonyx/graphql-php/src/GraphQL.php(97): GraphQL\\GraphQL::promiseToExecute()
#18 /home/tudor/Desktop/admin-insurances/vendor/rebing/graphql-laravel/src/Support/ExecutionMiddleware/GraphqlExecutionMiddleware.php(32): GraphQL\\GraphQL::executeQuery()
#19 /home/tudor/Desktop/admin-insurances/vendor/rebing/graphql-laravel/src/Support/ExecutionMiddleware/AbstractExecutionMiddleware.php(31): Rebing\\GraphQL\\Support\\ExecutionMiddleware\\GraphqlExecutionMiddleware->handle()
#20 /home/tudor/Desktop/admin-insurances/vendor/laravel/framework/src/Illuminate/Pipeline/Pipeline.php(183): Rebing\\GraphQL\\Support\\ExecutionMiddleware\\AbstractExecutionMiddleware->resolve()
#21 /home/tudor/Desktop/admin-insurances/vendor/rebing/graphql-laravel/src/Support/ExecutionMiddleware/AbstractExecutionMiddleware.php(33): Illuminate\\Pipeline\\Pipeline->Illuminate\\Pipeline\\{closure}()
#22 /home/tudor/Desktop/admin-insurances/vendor/rebing/graphql-laravel/src/Support/ExecutionMiddleware/AddAuthUserContextValueMiddleware.php(28): Rebing\\GraphQL\\Support\\ExecutionMiddleware\\AbstractExecutionMiddleware->Rebing\\GraphQL\\Support\\ExecutionMiddleware\\{closure}()
#23 /home/tudor/Desktop/admin-insurances/vendor/rebing/graphql-laravel/src/Support/ExecutionMiddleware/AbstractExecutionMiddleware.php(31): Rebing\\GraphQL\\Support\\ExecutionMiddleware\\AddAuthUserContextValueMiddleware->handle()
#24 /home/tudor/Desktop/admin-insurances/vendor/laravel/framework/src/Illuminate/Pipeline/Pipeline.php(183): Rebing\\GraphQL\\Support\\ExecutionMiddleware\\AbstractExecutionMiddleware->resolve()
#25 /home/tudor/Desktop/admin-insurances/vendor/rebing/graphql-laravel/src/Support/ExecutionMiddleware/AbstractExecutionMiddleware.php(33): Illuminate\\Pipeline\\Pipeline->Illuminate\\Pipeline\\{closure}()
#26 /home/tudor/Desktop/admin-insurances/vendor/rebing/graphql-laravel/src/Support/ExecutionMiddleware/AutomaticPersistedQueriesMiddleware.php(42): Rebing\\GraphQL\\Support\\ExecutionMiddleware\\AbstractExecutionMiddleware->Rebing\\GraphQL\\Support\\ExecutionMiddleware\\{closure}()
#27 /home/tudor/Desktop/admin-insurances/vendor/rebing/graphql-laravel/src/Support/ExecutionMiddleware/AbstractExecutionMiddleware.php(31): Rebing\\GraphQL\\Support\\ExecutionMiddleware\\AutomaticPersistedQueriesMiddleware->handle()
#28 /home/tudor/Desktop/admin-insurances/vendor/laravel/framework/src/Illuminate/Pipeline/Pipeline.php(183): Rebing\\GraphQL\\Support\\ExecutionMiddleware\\AbstractExecutionMiddleware->resolve()
#29 /home/tudor/Desktop/admin-insurances/vendor/rebing/graphql-laravel/src/Support/ExecutionMiddleware/AbstractExecutionMiddleware.php(33): Illuminate\\Pipeline\\Pipeline->Illuminate\\Pipeline\\{closure}()
#30 /home/tudor/Desktop/admin-insurances/vendor/rebing/graphql-laravel/src/Support/ExecutionMiddleware/ValidateOperationParamsMiddleware.php(39): Rebing\\GraphQL\\Support\\ExecutionMiddleware\\AbstractExecutionMiddleware->Rebing\\GraphQL\\Support\\ExecutionMiddleware\\{closure}()
#31 /home/tudor/Desktop/admin-insurances/vendor/rebing/graphql-laravel/src/Support/ExecutionMiddleware/AbstractExecutionMiddleware.php(31): Rebing\\GraphQL\\Support\\ExecutionMiddleware\\ValidateOperationParamsMiddleware->handle()
#32 /home/tudor/Desktop/admin-insurances/vendor/laravel/framework/src/Illuminate/Pipeline/Pipeline.php(183): Rebing\\GraphQL\\Support\\ExecutionMiddleware\\AbstractExecutionMiddleware->resolve()
#33 /home/tudor/Desktop/admin-insurances/vendor/laravel/framework/src/Illuminate/Pipeline/Pipeline.php(119): Illuminate\\Pipeline\\Pipeline->Illuminate\\Pipeline\\{closure}()
#34 /home/tudor/Desktop/admin-insurances/vendor/laravel/framework/src/Illuminate/Pipeline/Pipeline.php(129): Illuminate\\Pipeline\\Pipeline->then()
#35 /home/tudor/Desktop/admin-insurances/vendor/rebing/graphql-laravel/src/GraphQL.php(169): Illuminate\\Pipeline\\Pipeline->thenReturn()
#36 /home/tudor/Desktop/admin-insurances/vendor/rebing/graphql-laravel/src/GraphQL.php(151): Rebing\\GraphQL\\GraphQL->executeViaMiddleware()
#37 /home/tudor/Desktop/admin-insurances/vendor/rebing/graphql-laravel/src/GraphQL.php(137): Rebing\\GraphQL\\GraphQL->executeAndReturnResult()
#38 /home/tudor/Desktop/admin-insurances/vendor/rebing/graphql-laravel/src/GraphQLController.php(41): Rebing\\GraphQL\\GraphQL->execute()
#39 /home/tudor/Desktop/admin-insurances/vendor/rebing/graphql-laravel/src/Helpers.php(24): Rebing\\GraphQL\\GraphQLController->Rebing\\GraphQL\\{closure}()
#40 /home/tudor/Desktop/admin-insurances/vendor/rebing/graphql-laravel/src/GraphQLController.php(37): Rebing\\GraphQL\\Helpers::applyEach()
#41 /home/tudor/Desktop/admin-insurances/vendor/laravel/framework/src/Illuminate/Routing/Controller.php(54): Rebing\\GraphQL\\GraphQLController->query()
#42 /home/tudor/Desktop/admin-insurances/vendor/laravel/framework/src/Illuminate/Routing/ControllerDispatcher.php(43): Illuminate\\Routing\\Controller->callAction()
#43 /home/tudor/Desktop/admin-insurances/vendor/laravel/framework/src/Illuminate/Routing/Route.php(264): Illuminate\\Routing\\ControllerDispatcher->dispatch()
#44 /home/tudor/Desktop/admin-insurances/vendor/laravel/framework/src/Illuminate/Routing/Route.php(210): Illuminate\\Routing\\Route->runController()
#45 /home/tudor/Desktop/admin-insurances/vendor/laravel/framework/src/Illuminate/Routing/Router.php(808): Illuminate\\Routing\\Route->run()
#46 /home/tudor/Desktop/admin-insurances/vendor/laravel/framework/src/Illuminate/Pipeline/Pipeline.php(144): Illuminate\\Routing\\Router->Illuminate\\Routing\\{closure}()
#47 /home/tudor/Desktop/admin-insurances/app/Http/Middleware/Authorization.php(31): Illuminate\\Pipeline\\Pipeline->Illuminate\\Pipeline\\{closure}()
#48 /home/tudor/Desktop/admin-insurances/vendor/laravel/framework/src/Illuminate/Pipeline/Pipeline.php(183): App\\Http\\Middleware\\Authorization->handle()
#49 /home/tudor/Desktop/admin-insurances/vendor/laravel/framework/src/Illuminate/Pipeline/Pipeline.php(119): Illuminate\\Pipeline\\Pipeline->Illuminate\\Pipeline\\{closure}()
#50 /home/tudor/Desktop/admin-insurances/vendor/laravel/framework/src/Illuminate/Routing/Router.php(807): Illuminate\\Pipeline\\Pipeline->then()
#51 /home/tudor/Desktop/admin-insurances/vendor/laravel/framework/src/Illuminate/Routing/Router.php(786): Illuminate\\Routing\\Router->runRouteWithinStack()
#52 /home/tudor/Desktop/admin-insurances/vendor/laravel/framework/src/Illuminate/Routing/Router.php(750): Illuminate\\Routing\\Router->runRoute()
#53 /home/tudor/Desktop/admin-insurances/vendor/laravel/framework/src/Illuminate/Routing/Router.php(739): Illuminate\\Routing\\Router->dispatchToRoute()
#54 /home/tudor/Desktop/admin-insurances/vendor/laravel/framework/src/Illuminate/Foundation/Http/Kernel.php(201): Illuminate\\Routing\\Router->dispatch()
#55 /home/tudor/Desktop/admin-insurances/vendor/laravel/framework/src/Illuminate/Pipeline/Pipeline.php(144): Illuminate\\Foundation\\Http\\Kernel->Illuminate\\Foundation\\Http\\{closure}()
#56 /home/tudor/Desktop/admin-insurances/vendor/laravel/framework/src/Illuminate/Foundation/Http/Middleware/TransformsRequest.php(21): Illuminate\\Pipeline\\Pipeline->Illuminate\\Pipeline\\{closure}()
#57 /home/tudor/Desktop/admin-insurances/vendor/laravel/framework/src/Illuminate/Foundation/Http/Middleware/ConvertEmptyStringsToNull.php(31): Illuminate\\Foundation\\Http\\Middleware\\TransformsRequest->handle()
#58 /home/tudor/Desktop/admin-insurances/vendor/laravel/framework/src/Illuminate/Pipeline/Pipeline.php(183): Illuminate\\Foundation\\Http\\Middleware\\ConvertEmptyStringsToNull->handle()
#59 /home/tudor/Desktop/admin-insurances/vendor/laravel/framework/src/Illuminate/Foundation/Http/Middleware/TransformsRequest.php(21): Illuminate\\Pipeline\\Pipeline->Illuminate\\Pipeline\\{closure}()
#60 /home/tudor/Desktop/admin-insurances/vendor/laravel/framework/src/Illuminate/Foundation/Http/Middleware/TrimStrings.php(51): Illuminate\\Foundation\\Http\\Middleware\\TransformsRequest->handle()
#61 /home/tudor/Desktop/admin-insurances/vendor/laravel/framework/src/Illuminate/Pipeline/Pipeline.php(183): Illuminate\\Foundation\\Http\\Middleware\\TrimStrings->handle()
#62 /home/tudor/Desktop/admin-insurances/vendor/laravel/framework/src/Illuminate/Http/Middleware/ValidatePostSize.php(27): Illuminate\\Pipeline\\Pipeline->Illuminate\\Pipeline\\{closure}()
#63 /home/tudor/Desktop/admin-insurances/vendor/laravel/framework/src/Illuminate/Pipeline/Pipeline.php(183): Illuminate\\Http\\Middleware\\ValidatePostSize->handle()
#64 /home/tudor/Desktop/admin-insurances/vendor/laravel/framework/src/Illuminate/Foundation/Http/Middleware/PreventRequestsDuringMaintenance.php(110): Illuminate\\Pipeline\\Pipeline->Illuminate\\Pipeline\\{closure}()
#65 /home/tudor/Desktop/admin-insurances/vendor/laravel/framework/src/Illuminate/Pipeline/Pipeline.php(183): Illuminate\\Foundation\\Http\\Middleware\\PreventRequestsDuringMaintenance->handle()
#66 /home/tudor/Desktop/admin-insurances/vendor/laravel/framework/src/Illuminate/Http/Middleware/HandleCors.php(62): Illuminate\\Pipeline\\Pipeline->Illuminate\\Pipeline\\{closure}()
#67 /home/tudor/Desktop/admin-insurances/vendor/laravel/framework/src/Illuminate/Pipeline/Pipeline.php(183): Illuminate\\Http\\Middleware\\HandleCors->handle()
#68 /home/tudor/Desktop/admin-insurances/vendor/laravel/framework/src/Illuminate/Http/Middleware/TrustProxies.php(58): Illuminate\\Pipeline\\Pipeline->Illuminate\\Pipeline\\{closure}()
#69 /home/tudor/Desktop/admin-insurances/vendor/laravel/framework/src/Illuminate/Pipeline/Pipeline.php(183): Illuminate\\Http\\Middleware\\TrustProxies->handle()
#70 /home/tudor/Desktop/admin-insurances/vendor/laravel/framework/src/Illuminate/Foundation/Http/Middleware/InvokeDeferredCallbacks.php(22): Illuminate\\Pipeline\\Pipeline->Illuminate\\Pipeline\\{closure}()
#71 /home/tudor/Desktop/admin-insurances/vendor/laravel/framework/src/Illuminate/Pipeline/Pipeline.php(183): Illuminate\\Foundation\\Http\\Middleware\\InvokeDeferredCallbacks->handle()
#72 /home/tudor/Desktop/admin-insurances/vendor/laravel/framework/src/Illuminate/Pipeline/Pipeline.php(119): Illuminate\\Pipeline\\Pipeline->Illuminate\\Pipeline\\{closure}()
#73 /home/tudor/Desktop/admin-insurances/vendor/laravel/framework/src/Illuminate/Foundation/Http/Kernel.php(176): Illuminate\\Pipeline\\Pipeline->then()
#74 /home/tudor/Desktop/admin-insurances/vendor/laravel/framework/src/Illuminate/Foundation/Http/Kernel.php(145): Illuminate\\Foundation\\Http\\Kernel->sendRequestThroughRouter()
#75 /home/tudor/Desktop/admin-insurances/vendor/laravel/framework/src/Illuminate/Foundation/Application.php(1188): Illuminate\\Foundation\\Http\\Kernel->handle()
#76 /home/tudor/Desktop/admin-insurances/public/index.php(17): Illuminate\\Foundation\\Application->handleRequest()
#77 /home/tudor/Desktop/admin-insurances/vendor/laravel/framework/src/Illuminate/Foundation/resources/server.php(23): require_once('...')
#78 {main}
"} 
[2024-12-24 17:36:33] local.ERROR: Type Permission not found. Check that the config array key for the type matches the name attribute in the type's class. {"exception":"[object] (Rebing\\GraphQL\\Exception\\TypeNotFound(code: 0): Type Permission not found. Check that the config array key for the type matches the name attribute in the type's class. at /home/tudor/Desktop/admin-insurances/vendor/rebing/graphql-laravel/src/GraphQL.php:276)
[stacktrace]
#0 /home/tudor/Desktop/admin-insurances/vendor/rebing/graphql-laravel/src/GraphQL.php(256): Rebing\\GraphQL\\GraphQL->getType()
#1 /home/tudor/Desktop/admin-insurances/vendor/laravel/framework/src/Illuminate/Support/Facades/Facade.php(358): Rebing\\GraphQL\\GraphQL->type()
#2 /home/tudor/Desktop/admin-insurances/app/GraphQL/Types/Roles/RoleType.php(37): Illuminate\\Support\\Facades\\Facade::__callStatic()
#3 /home/tudor/Desktop/admin-insurances/vendor/rebing/graphql-laravel/src/Support/Type.php(78): App\\GraphQL\\Types\\Roles\\RoleType->fields()
#4 /home/tudor/Desktop/admin-insurances/vendor/rebing/graphql-laravel/src/Support/Type.php(114): Rebing\\GraphQL\\Support\\Type->getFields()
#5 /home/tudor/Desktop/admin-insurances/vendor/webonyx/graphql-php/src/Type/Definition/FieldDefinition.php(141): Rebing\\GraphQL\\Support\\Type->Rebing\\GraphQL\\Support\\{closure}()
#6 /home/tudor/Desktop/admin-insurances/vendor/webonyx/graphql-php/src/Type/Definition/HasFieldsTypeImplementation.php(26): GraphQL\\Type\\Definition\\FieldDefinition::defineFieldMap()
#7 /home/tudor/Desktop/admin-insurances/vendor/webonyx/graphql-php/src/Type/Definition/HasFieldsTypeImplementation.php(61): GraphQL\\Type\\Definition\\ObjectType->initializeFields()
#8 /home/tudor/Desktop/admin-insurances/vendor/webonyx/graphql-php/src/Validator/Rules/OverlappingFieldsCanBeMerged.php(253): GraphQL\\Type\\Definition\\ObjectType->hasField()
#9 /home/tudor/Desktop/admin-insurances/vendor/webonyx/graphql-php/src/Validator/Rules/OverlappingFieldsCanBeMerged.php(161): GraphQL\\Validator\\Rules\\OverlappingFieldsCanBeMerged->internalCollectFieldsAndFragmentNames()
#10 /home/tudor/Desktop/admin-insurances/vendor/webonyx/graphql-php/src/Validator/Rules/OverlappingFieldsCanBeMerged.php(91): GraphQL\\Validator\\Rules\\OverlappingFieldsCanBeMerged->getFieldsAndFragmentNames()
#11 /home/tudor/Desktop/admin-insurances/vendor/webonyx/graphql-php/src/Validator/Rules/OverlappingFieldsCanBeMerged.php(59): GraphQL\\Validator\\Rules\\OverlappingFieldsCanBeMerged->findConflictsWithinSelectionSet()
#12 /home/tudor/Desktop/admin-insurances/vendor/webonyx/graphql-php/src/Language/Visitor.php(390): GraphQL\\Validator\\Rules\\OverlappingFieldsCanBeMerged->GraphQL\\Validator\\Rules\\{closure}()
#13 /home/tudor/Desktop/admin-insurances/vendor/webonyx/graphql-php/src/Language/Visitor.php(453): GraphQL\\Language\\Visitor::GraphQL\\Language\\{closure}()
#14 /home/tudor/Desktop/admin-insurances/vendor/webonyx/graphql-php/src/Language/Visitor.php(263): GraphQL\\Language\\Visitor::GraphQL\\Language\\{closure}()
#15 /home/tudor/Desktop/admin-insurances/vendor/webonyx/graphql-php/src/Validator/DocumentValidator.php(118): GraphQL\\Language\\Visitor::visit()
#16 /home/tudor/Desktop/admin-insurances/vendor/webonyx/graphql-php/src/GraphQL.php(155): GraphQL\\Validator\\DocumentValidator::validate()
#17 /home/tudor/Desktop/admin-insurances/vendor/webonyx/graphql-php/src/GraphQL.php(97): GraphQL\\GraphQL::promiseToExecute()
#18 /home/tudor/Desktop/admin-insurances/vendor/rebing/graphql-laravel/src/Support/ExecutionMiddleware/GraphqlExecutionMiddleware.php(32): GraphQL\\GraphQL::executeQuery()
#19 /home/tudor/Desktop/admin-insurances/vendor/rebing/graphql-laravel/src/Support/ExecutionMiddleware/AbstractExecutionMiddleware.php(31): Rebing\\GraphQL\\Support\\ExecutionMiddleware\\GraphqlExecutionMiddleware->handle()
#20 /home/tudor/Desktop/admin-insurances/vendor/laravel/framework/src/Illuminate/Pipeline/Pipeline.php(183): Rebing\\GraphQL\\Support\\ExecutionMiddleware\\AbstractExecutionMiddleware->resolve()
#21 /home/tudor/Desktop/admin-insurances/vendor/rebing/graphql-laravel/src/Support/ExecutionMiddleware/AbstractExecutionMiddleware.php(33): Illuminate\\Pipeline\\Pipeline->Illuminate\\Pipeline\\{closure}()
#22 /home/tudor/Desktop/admin-insurances/vendor/rebing/graphql-laravel/src/Support/ExecutionMiddleware/AddAuthUserContextValueMiddleware.php(28): Rebing\\GraphQL\\Support\\ExecutionMiddleware\\AbstractExecutionMiddleware->Rebing\\GraphQL\\Support\\ExecutionMiddleware\\{closure}()
#23 /home/tudor/Desktop/admin-insurances/vendor/rebing/graphql-laravel/src/Support/ExecutionMiddleware/AbstractExecutionMiddleware.php(31): Rebing\\GraphQL\\Support\\ExecutionMiddleware\\AddAuthUserContextValueMiddleware->handle()
#24 /home/tudor/Desktop/admin-insurances/vendor/laravel/framework/src/Illuminate/Pipeline/Pipeline.php(183): Rebing\\GraphQL\\Support\\ExecutionMiddleware\\AbstractExecutionMiddleware->resolve()
#25 /home/tudor/Desktop/admin-insurances/vendor/rebing/graphql-laravel/src/Support/ExecutionMiddleware/AbstractExecutionMiddleware.php(33): Illuminate\\Pipeline\\Pipeline->Illuminate\\Pipeline\\{closure}()
#26 /home/tudor/Desktop/admin-insurances/vendor/rebing/graphql-laravel/src/Support/ExecutionMiddleware/AutomaticPersistedQueriesMiddleware.php(42): Rebing\\GraphQL\\Support\\ExecutionMiddleware\\AbstractExecutionMiddleware->Rebing\\GraphQL\\Support\\ExecutionMiddleware\\{closure}()
#27 /home/tudor/Desktop/admin-insurances/vendor/rebing/graphql-laravel/src/Support/ExecutionMiddleware/AbstractExecutionMiddleware.php(31): Rebing\\GraphQL\\Support\\ExecutionMiddleware\\AutomaticPersistedQueriesMiddleware->handle()
#28 /home/tudor/Desktop/admin-insurances/vendor/laravel/framework/src/Illuminate/Pipeline/Pipeline.php(183): Rebing\\GraphQL\\Support\\ExecutionMiddleware\\AbstractExecutionMiddleware->resolve()
#29 /home/tudor/Desktop/admin-insurances/vendor/rebing/graphql-laravel/src/Support/ExecutionMiddleware/AbstractExecutionMiddleware.php(33): Illuminate\\Pipeline\\Pipeline->Illuminate\\Pipeline\\{closure}()
#30 /home/tudor/Desktop/admin-insurances/vendor/rebing/graphql-laravel/src/Support/ExecutionMiddleware/ValidateOperationParamsMiddleware.php(39): Rebing\\GraphQL\\Support\\ExecutionMiddleware\\AbstractExecutionMiddleware->Rebing\\GraphQL\\Support\\ExecutionMiddleware\\{closure}()
#31 /home/tudor/Desktop/admin-insurances/vendor/rebing/graphql-laravel/src/Support/ExecutionMiddleware/AbstractExecutionMiddleware.php(31): Rebing\\GraphQL\\Support\\ExecutionMiddleware\\ValidateOperationParamsMiddleware->handle()
#32 /home/tudor/Desktop/admin-insurances/vendor/laravel/framework/src/Illuminate/Pipeline/Pipeline.php(183): Rebing\\GraphQL\\Support\\ExecutionMiddleware\\AbstractExecutionMiddleware->resolve()
#33 /home/tudor/Desktop/admin-insurances/vendor/laravel/framework/src/Illuminate/Pipeline/Pipeline.php(119): Illuminate\\Pipeline\\Pipeline->Illuminate\\Pipeline\\{closure}()
#34 /home/tudor/Desktop/admin-insurances/vendor/laravel/framework/src/Illuminate/Pipeline/Pipeline.php(129): Illuminate\\Pipeline\\Pipeline->then()
#35 /home/tudor/Desktop/admin-insurances/vendor/rebing/graphql-laravel/src/GraphQL.php(169): Illuminate\\Pipeline\\Pipeline->thenReturn()
#36 /home/tudor/Desktop/admin-insurances/vendor/rebing/graphql-laravel/src/GraphQL.php(151): Rebing\\GraphQL\\GraphQL->executeViaMiddleware()
#37 /home/tudor/Desktop/admin-insurances/vendor/rebing/graphql-laravel/src/GraphQL.php(137): Rebing\\GraphQL\\GraphQL->executeAndReturnResult()
#38 /home/tudor/Desktop/admin-insurances/vendor/rebing/graphql-laravel/src/GraphQLController.php(41): Rebing\\GraphQL\\GraphQL->execute()
#39 /home/tudor/Desktop/admin-insurances/vendor/rebing/graphql-laravel/src/Helpers.php(24): Rebing\\GraphQL\\GraphQLController->Rebing\\GraphQL\\{closure}()
#40 /home/tudor/Desktop/admin-insurances/vendor/rebing/graphql-laravel/src/GraphQLController.php(37): Rebing\\GraphQL\\Helpers::applyEach()
#41 /home/tudor/Desktop/admin-insurances/vendor/laravel/framework/src/Illuminate/Routing/Controller.php(54): Rebing\\GraphQL\\GraphQLController->query()
#42 /home/tudor/Desktop/admin-insurances/vendor/laravel/framework/src/Illuminate/Routing/ControllerDispatcher.php(43): Illuminate\\Routing\\Controller->callAction()
#43 /home/tudor/Desktop/admin-insurances/vendor/laravel/framework/src/Illuminate/Routing/Route.php(264): Illuminate\\Routing\\ControllerDispatcher->dispatch()
#44 /home/tudor/Desktop/admin-insurances/vendor/laravel/framework/src/Illuminate/Routing/Route.php(210): Illuminate\\Routing\\Route->runController()
#45 /home/tudor/Desktop/admin-insurances/vendor/laravel/framework/src/Illuminate/Routing/Router.php(808): Illuminate\\Routing\\Route->run()
#46 /home/tudor/Desktop/admin-insurances/vendor/laravel/framework/src/Illuminate/Pipeline/Pipeline.php(144): Illuminate\\Routing\\Router->Illuminate\\Routing\\{closure}()
#47 /home/tudor/Desktop/admin-insurances/app/Http/Middleware/Authorization.php(31): Illuminate\\Pipeline\\Pipeline->Illuminate\\Pipeline\\{closure}()
#48 /home/tudor/Desktop/admin-insurances/vendor/laravel/framework/src/Illuminate/Pipeline/Pipeline.php(183): App\\Http\\Middleware\\Authorization->handle()
#49 /home/tudor/Desktop/admin-insurances/vendor/laravel/framework/src/Illuminate/Pipeline/Pipeline.php(119): Illuminate\\Pipeline\\Pipeline->Illuminate\\Pipeline\\{closure}()
#50 /home/tudor/Desktop/admin-insurances/vendor/laravel/framework/src/Illuminate/Routing/Router.php(807): Illuminate\\Pipeline\\Pipeline->then()
#51 /home/tudor/Desktop/admin-insurances/vendor/laravel/framework/src/Illuminate/Routing/Router.php(786): Illuminate\\Routing\\Router->runRouteWithinStack()
#52 /home/tudor/Desktop/admin-insurances/vendor/laravel/framework/src/Illuminate/Routing/Router.php(750): Illuminate\\Routing\\Router->runRoute()
#53 /home/tudor/Desktop/admin-insurances/vendor/laravel/framework/src/Illuminate/Routing/Router.php(739): Illuminate\\Routing\\Router->dispatchToRoute()
#54 /home/tudor/Desktop/admin-insurances/vendor/laravel/framework/src/Illuminate/Foundation/Http/Kernel.php(201): Illuminate\\Routing\\Router->dispatch()
#55 /home/tudor/Desktop/admin-insurances/vendor/laravel/framework/src/Illuminate/Pipeline/Pipeline.php(144): Illuminate\\Foundation\\Http\\Kernel->Illuminate\\Foundation\\Http\\{closure}()
#56 /home/tudor/Desktop/admin-insurances/vendor/laravel/framework/src/Illuminate/Foundation/Http/Middleware/TransformsRequest.php(21): Illuminate\\Pipeline\\Pipeline->Illuminate\\Pipeline\\{closure}()
#57 /home/tudor/Desktop/admin-insurances/vendor/laravel/framework/src/Illuminate/Foundation/Http/Middleware/ConvertEmptyStringsToNull.php(31): Illuminate\\Foundation\\Http\\Middleware\\TransformsRequest->handle()
#58 /home/tudor/Desktop/admin-insurances/vendor/laravel/framework/src/Illuminate/Pipeline/Pipeline.php(183): Illuminate\\Foundation\\Http\\Middleware\\ConvertEmptyStringsToNull->handle()
#59 /home/tudor/Desktop/admin-insurances/vendor/laravel/framework/src/Illuminate/Foundation/Http/Middleware/TransformsRequest.php(21): Illuminate\\Pipeline\\Pipeline->Illuminate\\Pipeline\\{closure}()
#60 /home/tudor/Desktop/admin-insurances/vendor/laravel/framework/src/Illuminate/Foundation/Http/Middleware/TrimStrings.php(51): Illuminate\\Foundation\\Http\\Middleware\\TransformsRequest->handle()
#61 /home/tudor/Desktop/admin-insurances/vendor/laravel/framework/src/Illuminate/Pipeline/Pipeline.php(183): Illuminate\\Foundation\\Http\\Middleware\\TrimStrings->handle()
#62 /home/tudor/Desktop/admin-insurances/vendor/laravel/framework/src/Illuminate/Http/Middleware/ValidatePostSize.php(27): Illuminate\\Pipeline\\Pipeline->Illuminate\\Pipeline\\{closure}()
#63 /home/tudor/Desktop/admin-insurances/vendor/laravel/framework/src/Illuminate/Pipeline/Pipeline.php(183): Illuminate\\Http\\Middleware\\ValidatePostSize->handle()
#64 /home/tudor/Desktop/admin-insurances/vendor/laravel/framework/src/Illuminate/Foundation/Http/Middleware/PreventRequestsDuringMaintenance.php(110): Illuminate\\Pipeline\\Pipeline->Illuminate\\Pipeline\\{closure}()
#65 /home/tudor/Desktop/admin-insurances/vendor/laravel/framework/src/Illuminate/Pipeline/Pipeline.php(183): Illuminate\\Foundation\\Http\\Middleware\\PreventRequestsDuringMaintenance->handle()
#66 /home/tudor/Desktop/admin-insurances/vendor/laravel/framework/src/Illuminate/Http/Middleware/HandleCors.php(62): Illuminate\\Pipeline\\Pipeline->Illuminate\\Pipeline\\{closure}()
#67 /home/tudor/Desktop/admin-insurances/vendor/laravel/framework/src/Illuminate/Pipeline/Pipeline.php(183): Illuminate\\Http\\Middleware\\HandleCors->handle()
#68 /home/tudor/Desktop/admin-insurances/vendor/laravel/framework/src/Illuminate/Http/Middleware/TrustProxies.php(58): Illuminate\\Pipeline\\Pipeline->Illuminate\\Pipeline\\{closure}()
#69 /home/tudor/Desktop/admin-insurances/vendor/laravel/framework/src/Illuminate/Pipeline/Pipeline.php(183): Illuminate\\Http\\Middleware\\TrustProxies->handle()
#70 /home/tudor/Desktop/admin-insurances/vendor/laravel/framework/src/Illuminate/Foundation/Http/Middleware/InvokeDeferredCallbacks.php(22): Illuminate\\Pipeline\\Pipeline->Illuminate\\Pipeline\\{closure}()
#71 /home/tudor/Desktop/admin-insurances/vendor/laravel/framework/src/Illuminate/Pipeline/Pipeline.php(183): Illuminate\\Foundation\\Http\\Middleware\\InvokeDeferredCallbacks->handle()
#72 /home/tudor/Desktop/admin-insurances/vendor/laravel/framework/src/Illuminate/Pipeline/Pipeline.php(119): Illuminate\\Pipeline\\Pipeline->Illuminate\\Pipeline\\{closure}()
#73 /home/tudor/Desktop/admin-insurances/vendor/laravel/framework/src/Illuminate/Foundation/Http/Kernel.php(176): Illuminate\\Pipeline\\Pipeline->then()
#74 /home/tudor/Desktop/admin-insurances/vendor/laravel/framework/src/Illuminate/Foundation/Http/Kernel.php(145): Illuminate\\Foundation\\Http\\Kernel->sendRequestThroughRouter()
#75 /home/tudor/Desktop/admin-insurances/vendor/laravel/framework/src/Illuminate/Foundation/Application.php(1188): Illuminate\\Foundation\\Http\\Kernel->handle()
#76 /home/tudor/Desktop/admin-insurances/public/index.php(17): Illuminate\\Foundation\\Application->handleRequest()
#77 /home/tudor/Desktop/admin-insurances/vendor/laravel/framework/src/Illuminate/Foundation/resources/server.php(23): require_once('...')
#78 {main}
"} 
[2024-12-24 17:37:27] local.ERROR: Type Permission not found. Check that the config array key for the type matches the name attribute in the type's class. {"exception":"[object] (Rebing\\GraphQL\\Exception\\TypeNotFound(code: 0): Type Permission not found. Check that the config array key for the type matches the name attribute in the type's class. at /home/tudor/Desktop/admin-insurances/vendor/rebing/graphql-laravel/src/GraphQL.php:276)
[stacktrace]
#0 /home/tudor/Desktop/admin-insurances/vendor/rebing/graphql-laravel/src/GraphQL.php(256): Rebing\\GraphQL\\GraphQL->getType()
#1 /home/tudor/Desktop/admin-insurances/vendor/laravel/framework/src/Illuminate/Support/Facades/Facade.php(358): Rebing\\GraphQL\\GraphQL->type()
#2 /home/tudor/Desktop/admin-insurances/app/GraphQL/Types/Roles/RoleType.php(37): Illuminate\\Support\\Facades\\Facade::__callStatic()
#3 /home/tudor/Desktop/admin-insurances/vendor/rebing/graphql-laravel/src/Support/Type.php(78): App\\GraphQL\\Types\\Roles\\RoleType->fields()
#4 /home/tudor/Desktop/admin-insurances/vendor/rebing/graphql-laravel/src/Support/Type.php(114): Rebing\\GraphQL\\Support\\Type->getFields()
#5 /home/tudor/Desktop/admin-insurances/vendor/webonyx/graphql-php/src/Type/Definition/FieldDefinition.php(141): Rebing\\GraphQL\\Support\\Type->Rebing\\GraphQL\\Support\\{closure}()
#6 /home/tudor/Desktop/admin-insurances/vendor/webonyx/graphql-php/src/Type/Definition/HasFieldsTypeImplementation.php(26): GraphQL\\Type\\Definition\\FieldDefinition::defineFieldMap()
#7 /home/tudor/Desktop/admin-insurances/vendor/webonyx/graphql-php/src/Type/Definition/HasFieldsTypeImplementation.php(61): GraphQL\\Type\\Definition\\ObjectType->initializeFields()
#8 /home/tudor/Desktop/admin-insurances/vendor/webonyx/graphql-php/src/Validator/Rules/OverlappingFieldsCanBeMerged.php(253): GraphQL\\Type\\Definition\\ObjectType->hasField()
#9 /home/tudor/Desktop/admin-insurances/vendor/webonyx/graphql-php/src/Validator/Rules/OverlappingFieldsCanBeMerged.php(161): GraphQL\\Validator\\Rules\\OverlappingFieldsCanBeMerged->internalCollectFieldsAndFragmentNames()
#10 /home/tudor/Desktop/admin-insurances/vendor/webonyx/graphql-php/src/Validator/Rules/OverlappingFieldsCanBeMerged.php(91): GraphQL\\Validator\\Rules\\OverlappingFieldsCanBeMerged->getFieldsAndFragmentNames()
#11 /home/tudor/Desktop/admin-insurances/vendor/webonyx/graphql-php/src/Validator/Rules/OverlappingFieldsCanBeMerged.php(59): GraphQL\\Validator\\Rules\\OverlappingFieldsCanBeMerged->findConflictsWithinSelectionSet()
#12 /home/tudor/Desktop/admin-insurances/vendor/webonyx/graphql-php/src/Language/Visitor.php(390): GraphQL\\Validator\\Rules\\OverlappingFieldsCanBeMerged->GraphQL\\Validator\\Rules\\{closure}()
#13 /home/tudor/Desktop/admin-insurances/vendor/webonyx/graphql-php/src/Language/Visitor.php(453): GraphQL\\Language\\Visitor::GraphQL\\Language\\{closure}()
#14 /home/tudor/Desktop/admin-insurances/vendor/webonyx/graphql-php/src/Language/Visitor.php(263): GraphQL\\Language\\Visitor::GraphQL\\Language\\{closure}()
#15 /home/tudor/Desktop/admin-insurances/vendor/webonyx/graphql-php/src/Validator/DocumentValidator.php(118): GraphQL\\Language\\Visitor::visit()
#16 /home/tudor/Desktop/admin-insurances/vendor/webonyx/graphql-php/src/GraphQL.php(155): GraphQL\\Validator\\DocumentValidator::validate()
#17 /home/tudor/Desktop/admin-insurances/vendor/webonyx/graphql-php/src/GraphQL.php(97): GraphQL\\GraphQL::promiseToExecute()
#18 /home/tudor/Desktop/admin-insurances/vendor/rebing/graphql-laravel/src/Support/ExecutionMiddleware/GraphqlExecutionMiddleware.php(32): GraphQL\\GraphQL::executeQuery()
#19 /home/tudor/Desktop/admin-insurances/vendor/rebing/graphql-laravel/src/Support/ExecutionMiddleware/AbstractExecutionMiddleware.php(31): Rebing\\GraphQL\\Support\\ExecutionMiddleware\\GraphqlExecutionMiddleware->handle()
#20 /home/tudor/Desktop/admin-insurances/vendor/laravel/framework/src/Illuminate/Pipeline/Pipeline.php(183): Rebing\\GraphQL\\Support\\ExecutionMiddleware\\AbstractExecutionMiddleware->resolve()
#21 /home/tudor/Desktop/admin-insurances/vendor/rebing/graphql-laravel/src/Support/ExecutionMiddleware/AbstractExecutionMiddleware.php(33): Illuminate\\Pipeline\\Pipeline->Illuminate\\Pipeline\\{closure}()
#22 /home/tudor/Desktop/admin-insurances/vendor/rebing/graphql-laravel/src/Support/ExecutionMiddleware/AddAuthUserContextValueMiddleware.php(28): Rebing\\GraphQL\\Support\\ExecutionMiddleware\\AbstractExecutionMiddleware->Rebing\\GraphQL\\Support\\ExecutionMiddleware\\{closure}()
#23 /home/tudor/Desktop/admin-insurances/vendor/rebing/graphql-laravel/src/Support/ExecutionMiddleware/AbstractExecutionMiddleware.php(31): Rebing\\GraphQL\\Support\\ExecutionMiddleware\\AddAuthUserContextValueMiddleware->handle()
#24 /home/tudor/Desktop/admin-insurances/vendor/laravel/framework/src/Illuminate/Pipeline/Pipeline.php(183): Rebing\\GraphQL\\Support\\ExecutionMiddleware\\AbstractExecutionMiddleware->resolve()
#25 /home/tudor/Desktop/admin-insurances/vendor/rebing/graphql-laravel/src/Support/ExecutionMiddleware/AbstractExecutionMiddleware.php(33): Illuminate\\Pipeline\\Pipeline->Illuminate\\Pipeline\\{closure}()
#26 /home/tudor/Desktop/admin-insurances/vendor/rebing/graphql-laravel/src/Support/ExecutionMiddleware/AutomaticPersistedQueriesMiddleware.php(42): Rebing\\GraphQL\\Support\\ExecutionMiddleware\\AbstractExecutionMiddleware->Rebing\\GraphQL\\Support\\ExecutionMiddleware\\{closure}()
#27 /home/tudor/Desktop/admin-insurances/vendor/rebing/graphql-laravel/src/Support/ExecutionMiddleware/AbstractExecutionMiddleware.php(31): Rebing\\GraphQL\\Support\\ExecutionMiddleware\\AutomaticPersistedQueriesMiddleware->handle()
#28 /home/tudor/Desktop/admin-insurances/vendor/laravel/framework/src/Illuminate/Pipeline/Pipeline.php(183): Rebing\\GraphQL\\Support\\ExecutionMiddleware\\AbstractExecutionMiddleware->resolve()
#29 /home/tudor/Desktop/admin-insurances/vendor/rebing/graphql-laravel/src/Support/ExecutionMiddleware/AbstractExecutionMiddleware.php(33): Illuminate\\Pipeline\\Pipeline->Illuminate\\Pipeline\\{closure}()
#30 /home/tudor/Desktop/admin-insurances/vendor/rebing/graphql-laravel/src/Support/ExecutionMiddleware/ValidateOperationParamsMiddleware.php(39): Rebing\\GraphQL\\Support\\ExecutionMiddleware\\AbstractExecutionMiddleware->Rebing\\GraphQL\\Support\\ExecutionMiddleware\\{closure}()
#31 /home/tudor/Desktop/admin-insurances/vendor/rebing/graphql-laravel/src/Support/ExecutionMiddleware/AbstractExecutionMiddleware.php(31): Rebing\\GraphQL\\Support\\ExecutionMiddleware\\ValidateOperationParamsMiddleware->handle()
#32 /home/tudor/Desktop/admin-insurances/vendor/laravel/framework/src/Illuminate/Pipeline/Pipeline.php(183): Rebing\\GraphQL\\Support\\ExecutionMiddleware\\AbstractExecutionMiddleware->resolve()
#33 /home/tudor/Desktop/admin-insurances/vendor/laravel/framework/src/Illuminate/Pipeline/Pipeline.php(119): Illuminate\\Pipeline\\Pipeline->Illuminate\\Pipeline\\{closure}()
#34 /home/tudor/Desktop/admin-insurances/vendor/laravel/framework/src/Illuminate/Pipeline/Pipeline.php(129): Illuminate\\Pipeline\\Pipeline->then()
#35 /home/tudor/Desktop/admin-insurances/vendor/rebing/graphql-laravel/src/GraphQL.php(169): Illuminate\\Pipeline\\Pipeline->thenReturn()
#36 /home/tudor/Desktop/admin-insurances/vendor/rebing/graphql-laravel/src/GraphQL.php(151): Rebing\\GraphQL\\GraphQL->executeViaMiddleware()
#37 /home/tudor/Desktop/admin-insurances/vendor/rebing/graphql-laravel/src/GraphQL.php(137): Rebing\\GraphQL\\GraphQL->executeAndReturnResult()
#38 /home/tudor/Desktop/admin-insurances/vendor/rebing/graphql-laravel/src/GraphQLController.php(41): Rebing\\GraphQL\\GraphQL->execute()
#39 /home/tudor/Desktop/admin-insurances/vendor/rebing/graphql-laravel/src/Helpers.php(24): Rebing\\GraphQL\\GraphQLController->Rebing\\GraphQL\\{closure}()
#40 /home/tudor/Desktop/admin-insurances/vendor/rebing/graphql-laravel/src/GraphQLController.php(37): Rebing\\GraphQL\\Helpers::applyEach()
#41 /home/tudor/Desktop/admin-insurances/vendor/laravel/framework/src/Illuminate/Routing/Controller.php(54): Rebing\\GraphQL\\GraphQLController->query()
#42 /home/tudor/Desktop/admin-insurances/vendor/laravel/framework/src/Illuminate/Routing/ControllerDispatcher.php(43): Illuminate\\Routing\\Controller->callAction()
#43 /home/tudor/Desktop/admin-insurances/vendor/laravel/framework/src/Illuminate/Routing/Route.php(264): Illuminate\\Routing\\ControllerDispatcher->dispatch()
#44 /home/tudor/Desktop/admin-insurances/vendor/laravel/framework/src/Illuminate/Routing/Route.php(210): Illuminate\\Routing\\Route->runController()
#45 /home/tudor/Desktop/admin-insurances/vendor/laravel/framework/src/Illuminate/Routing/Router.php(808): Illuminate\\Routing\\Route->run()
#46 /home/tudor/Desktop/admin-insurances/vendor/laravel/framework/src/Illuminate/Pipeline/Pipeline.php(144): Illuminate\\Routing\\Router->Illuminate\\Routing\\{closure}()
#47 /home/tudor/Desktop/admin-insurances/app/Http/Middleware/Authorization.php(31): Illuminate\\Pipeline\\Pipeline->Illuminate\\Pipeline\\{closure}()
#48 /home/tudor/Desktop/admin-insurances/vendor/laravel/framework/src/Illuminate/Pipeline/Pipeline.php(183): App\\Http\\Middleware\\Authorization->handle()
#49 /home/tudor/Desktop/admin-insurances/vendor/laravel/framework/src/Illuminate/Pipeline/Pipeline.php(119): Illuminate\\Pipeline\\Pipeline->Illuminate\\Pipeline\\{closure}()
#50 /home/tudor/Desktop/admin-insurances/vendor/laravel/framework/src/Illuminate/Routing/Router.php(807): Illuminate\\Pipeline\\Pipeline->then()
#51 /home/tudor/Desktop/admin-insurances/vendor/laravel/framework/src/Illuminate/Routing/Router.php(786): Illuminate\\Routing\\Router->runRouteWithinStack()
#52 /home/tudor/Desktop/admin-insurances/vendor/laravel/framework/src/Illuminate/Routing/Router.php(750): Illuminate\\Routing\\Router->runRoute()
#53 /home/tudor/Desktop/admin-insurances/vendor/laravel/framework/src/Illuminate/Routing/Router.php(739): Illuminate\\Routing\\Router->dispatchToRoute()
#54 /home/tudor/Desktop/admin-insurances/vendor/laravel/framework/src/Illuminate/Foundation/Http/Kernel.php(201): Illuminate\\Routing\\Router->dispatch()
#55 /home/tudor/Desktop/admin-insurances/vendor/laravel/framework/src/Illuminate/Pipeline/Pipeline.php(144): Illuminate\\Foundation\\Http\\Kernel->Illuminate\\Foundation\\Http\\{closure}()
#56 /home/tudor/Desktop/admin-insurances/vendor/laravel/framework/src/Illuminate/Foundation/Http/Middleware/TransformsRequest.php(21): Illuminate\\Pipeline\\Pipeline->Illuminate\\Pipeline\\{closure}()
#57 /home/tudor/Desktop/admin-insurances/vendor/laravel/framework/src/Illuminate/Foundation/Http/Middleware/ConvertEmptyStringsToNull.php(31): Illuminate\\Foundation\\Http\\Middleware\\TransformsRequest->handle()
#58 /home/tudor/Desktop/admin-insurances/vendor/laravel/framework/src/Illuminate/Pipeline/Pipeline.php(183): Illuminate\\Foundation\\Http\\Middleware\\ConvertEmptyStringsToNull->handle()
#59 /home/tudor/Desktop/admin-insurances/vendor/laravel/framework/src/Illuminate/Foundation/Http/Middleware/TransformsRequest.php(21): Illuminate\\Pipeline\\Pipeline->Illuminate\\Pipeline\\{closure}()
#60 /home/tudor/Desktop/admin-insurances/vendor/laravel/framework/src/Illuminate/Foundation/Http/Middleware/TrimStrings.php(51): Illuminate\\Foundation\\Http\\Middleware\\TransformsRequest->handle()
#61 /home/tudor/Desktop/admin-insurances/vendor/laravel/framework/src/Illuminate/Pipeline/Pipeline.php(183): Illuminate\\Foundation\\Http\\Middleware\\TrimStrings->handle()
#62 /home/tudor/Desktop/admin-insurances/vendor/laravel/framework/src/Illuminate/Http/Middleware/ValidatePostSize.php(27): Illuminate\\Pipeline\\Pipeline->Illuminate\\Pipeline\\{closure}()
#63 /home/tudor/Desktop/admin-insurances/vendor/laravel/framework/src/Illuminate/Pipeline/Pipeline.php(183): Illuminate\\Http\\Middleware\\ValidatePostSize->handle()
#64 /home/tudor/Desktop/admin-insurances/vendor/laravel/framework/src/Illuminate/Foundation/Http/Middleware/PreventRequestsDuringMaintenance.php(110): Illuminate\\Pipeline\\Pipeline->Illuminate\\Pipeline\\{closure}()
#65 /home/tudor/Desktop/admin-insurances/vendor/laravel/framework/src/Illuminate/Pipeline/Pipeline.php(183): Illuminate\\Foundation\\Http\\Middleware\\PreventRequestsDuringMaintenance->handle()
#66 /home/tudor/Desktop/admin-insurances/vendor/laravel/framework/src/Illuminate/Http/Middleware/HandleCors.php(62): Illuminate\\Pipeline\\Pipeline->Illuminate\\Pipeline\\{closure}()
#67 /home/tudor/Desktop/admin-insurances/vendor/laravel/framework/src/Illuminate/Pipeline/Pipeline.php(183): Illuminate\\Http\\Middleware\\HandleCors->handle()
#68 /home/tudor/Desktop/admin-insurances/vendor/laravel/framework/src/Illuminate/Http/Middleware/TrustProxies.php(58): Illuminate\\Pipeline\\Pipeline->Illuminate\\Pipeline\\{closure}()
#69 /home/tudor/Desktop/admin-insurances/vendor/laravel/framework/src/Illuminate/Pipeline/Pipeline.php(183): Illuminate\\Http\\Middleware\\TrustProxies->handle()
#70 /home/tudor/Desktop/admin-insurances/vendor/laravel/framework/src/Illuminate/Foundation/Http/Middleware/InvokeDeferredCallbacks.php(22): Illuminate\\Pipeline\\Pipeline->Illuminate\\Pipeline\\{closure}()
#71 /home/tudor/Desktop/admin-insurances/vendor/laravel/framework/src/Illuminate/Pipeline/Pipeline.php(183): Illuminate\\Foundation\\Http\\Middleware\\InvokeDeferredCallbacks->handle()
#72 /home/tudor/Desktop/admin-insurances/vendor/laravel/framework/src/Illuminate/Pipeline/Pipeline.php(119): Illuminate\\Pipeline\\Pipeline->Illuminate\\Pipeline\\{closure}()
#73 /home/tudor/Desktop/admin-insurances/vendor/laravel/framework/src/Illuminate/Foundation/Http/Kernel.php(176): Illuminate\\Pipeline\\Pipeline->then()
#74 /home/tudor/Desktop/admin-insurances/vendor/laravel/framework/src/Illuminate/Foundation/Http/Kernel.php(145): Illuminate\\Foundation\\Http\\Kernel->sendRequestThroughRouter()
#75 /home/tudor/Desktop/admin-insurances/vendor/laravel/framework/src/Illuminate/Foundation/Application.php(1188): Illuminate\\Foundation\\Http\\Kernel->handle()
#76 /home/tudor/Desktop/admin-insurances/public/index.php(17): Illuminate\\Foundation\\Application->handleRequest()
#77 /home/tudor/Desktop/admin-insurances/vendor/laravel/framework/src/Illuminate/Foundation/resources/server.php(23): require_once('...')
#78 {main}
"} 
[2024-12-24 17:38:45] local.ERROR: Type Permission not found. Check that the config array key for the type matches the name attribute in the type's class. {"exception":"[object] (Rebing\\GraphQL\\Exception\\TypeNotFound(code: 0): Type Permission not found. Check that the config array key for the type matches the name attribute in the type's class. at /home/tudor/Desktop/admin-insurances/vendor/rebing/graphql-laravel/src/GraphQL.php:276)
[stacktrace]
#0 /home/tudor/Desktop/admin-insurances/vendor/rebing/graphql-laravel/src/GraphQL.php(256): Rebing\\GraphQL\\GraphQL->getType()
#1 /home/tudor/Desktop/admin-insurances/vendor/laravel/framework/src/Illuminate/Support/Facades/Facade.php(358): Rebing\\GraphQL\\GraphQL->type()
#2 /home/tudor/Desktop/admin-insurances/app/GraphQL/Types/Roles/RoleType.php(37): Illuminate\\Support\\Facades\\Facade::__callStatic()
#3 /home/tudor/Desktop/admin-insurances/vendor/rebing/graphql-laravel/src/Support/Type.php(78): App\\GraphQL\\Types\\Roles\\RoleType->fields()
#4 /home/tudor/Desktop/admin-insurances/vendor/rebing/graphql-laravel/src/Support/Type.php(114): Rebing\\GraphQL\\Support\\Type->getFields()
#5 /home/tudor/Desktop/admin-insurances/vendor/webonyx/graphql-php/src/Type/Definition/FieldDefinition.php(141): Rebing\\GraphQL\\Support\\Type->Rebing\\GraphQL\\Support\\{closure}()
#6 /home/tudor/Desktop/admin-insurances/vendor/webonyx/graphql-php/src/Type/Definition/HasFieldsTypeImplementation.php(26): GraphQL\\Type\\Definition\\FieldDefinition::defineFieldMap()
#7 /home/tudor/Desktop/admin-insurances/vendor/webonyx/graphql-php/src/Type/Definition/HasFieldsTypeImplementation.php(61): GraphQL\\Type\\Definition\\ObjectType->initializeFields()
#8 /home/tudor/Desktop/admin-insurances/vendor/webonyx/graphql-php/src/Validator/Rules/OverlappingFieldsCanBeMerged.php(253): GraphQL\\Type\\Definition\\ObjectType->hasField()
#9 /home/tudor/Desktop/admin-insurances/vendor/webonyx/graphql-php/src/Validator/Rules/OverlappingFieldsCanBeMerged.php(161): GraphQL\\Validator\\Rules\\OverlappingFieldsCanBeMerged->internalCollectFieldsAndFragmentNames()
#10 /home/tudor/Desktop/admin-insurances/vendor/webonyx/graphql-php/src/Validator/Rules/OverlappingFieldsCanBeMerged.php(91): GraphQL\\Validator\\Rules\\OverlappingFieldsCanBeMerged->getFieldsAndFragmentNames()
#11 /home/tudor/Desktop/admin-insurances/vendor/webonyx/graphql-php/src/Validator/Rules/OverlappingFieldsCanBeMerged.php(59): GraphQL\\Validator\\Rules\\OverlappingFieldsCanBeMerged->findConflictsWithinSelectionSet()
#12 /home/tudor/Desktop/admin-insurances/vendor/webonyx/graphql-php/src/Language/Visitor.php(390): GraphQL\\Validator\\Rules\\OverlappingFieldsCanBeMerged->GraphQL\\Validator\\Rules\\{closure}()
#13 /home/tudor/Desktop/admin-insurances/vendor/webonyx/graphql-php/src/Language/Visitor.php(453): GraphQL\\Language\\Visitor::GraphQL\\Language\\{closure}()
#14 /home/tudor/Desktop/admin-insurances/vendor/webonyx/graphql-php/src/Language/Visitor.php(263): GraphQL\\Language\\Visitor::GraphQL\\Language\\{closure}()
#15 /home/tudor/Desktop/admin-insurances/vendor/webonyx/graphql-php/src/Validator/DocumentValidator.php(118): GraphQL\\Language\\Visitor::visit()
#16 /home/tudor/Desktop/admin-insurances/vendor/webonyx/graphql-php/src/GraphQL.php(155): GraphQL\\Validator\\DocumentValidator::validate()
#17 /home/tudor/Desktop/admin-insurances/vendor/webonyx/graphql-php/src/GraphQL.php(97): GraphQL\\GraphQL::promiseToExecute()
#18 /home/tudor/Desktop/admin-insurances/vendor/rebing/graphql-laravel/src/Support/ExecutionMiddleware/GraphqlExecutionMiddleware.php(32): GraphQL\\GraphQL::executeQuery()
#19 /home/tudor/Desktop/admin-insurances/vendor/rebing/graphql-laravel/src/Support/ExecutionMiddleware/AbstractExecutionMiddleware.php(31): Rebing\\GraphQL\\Support\\ExecutionMiddleware\\GraphqlExecutionMiddleware->handle()
#20 /home/tudor/Desktop/admin-insurances/vendor/laravel/framework/src/Illuminate/Pipeline/Pipeline.php(183): Rebing\\GraphQL\\Support\\ExecutionMiddleware\\AbstractExecutionMiddleware->resolve()
#21 /home/tudor/Desktop/admin-insurances/vendor/rebing/graphql-laravel/src/Support/ExecutionMiddleware/AbstractExecutionMiddleware.php(33): Illuminate\\Pipeline\\Pipeline->Illuminate\\Pipeline\\{closure}()
#22 /home/tudor/Desktop/admin-insurances/vendor/rebing/graphql-laravel/src/Support/ExecutionMiddleware/AddAuthUserContextValueMiddleware.php(28): Rebing\\GraphQL\\Support\\ExecutionMiddleware\\AbstractExecutionMiddleware->Rebing\\GraphQL\\Support\\ExecutionMiddleware\\{closure}()
#23 /home/tudor/Desktop/admin-insurances/vendor/rebing/graphql-laravel/src/Support/ExecutionMiddleware/AbstractExecutionMiddleware.php(31): Rebing\\GraphQL\\Support\\ExecutionMiddleware\\AddAuthUserContextValueMiddleware->handle()
#24 /home/tudor/Desktop/admin-insurances/vendor/laravel/framework/src/Illuminate/Pipeline/Pipeline.php(183): Rebing\\GraphQL\\Support\\ExecutionMiddleware\\AbstractExecutionMiddleware->resolve()
#25 /home/tudor/Desktop/admin-insurances/vendor/rebing/graphql-laravel/src/Support/ExecutionMiddleware/AbstractExecutionMiddleware.php(33): Illuminate\\Pipeline\\Pipeline->Illuminate\\Pipeline\\{closure}()
#26 /home/tudor/Desktop/admin-insurances/vendor/rebing/graphql-laravel/src/Support/ExecutionMiddleware/AutomaticPersistedQueriesMiddleware.php(42): Rebing\\GraphQL\\Support\\ExecutionMiddleware\\AbstractExecutionMiddleware->Rebing\\GraphQL\\Support\\ExecutionMiddleware\\{closure}()
#27 /home/tudor/Desktop/admin-insurances/vendor/rebing/graphql-laravel/src/Support/ExecutionMiddleware/AbstractExecutionMiddleware.php(31): Rebing\\GraphQL\\Support\\ExecutionMiddleware\\AutomaticPersistedQueriesMiddleware->handle()
#28 /home/tudor/Desktop/admin-insurances/vendor/laravel/framework/src/Illuminate/Pipeline/Pipeline.php(183): Rebing\\GraphQL\\Support\\ExecutionMiddleware\\AbstractExecutionMiddleware->resolve()
#29 /home/tudor/Desktop/admin-insurances/vendor/rebing/graphql-laravel/src/Support/ExecutionMiddleware/AbstractExecutionMiddleware.php(33): Illuminate\\Pipeline\\Pipeline->Illuminate\\Pipeline\\{closure}()
#30 /home/tudor/Desktop/admin-insurances/vendor/rebing/graphql-laravel/src/Support/ExecutionMiddleware/ValidateOperationParamsMiddleware.php(39): Rebing\\GraphQL\\Support\\ExecutionMiddleware\\AbstractExecutionMiddleware->Rebing\\GraphQL\\Support\\ExecutionMiddleware\\{closure}()
#31 /home/tudor/Desktop/admin-insurances/vendor/rebing/graphql-laravel/src/Support/ExecutionMiddleware/AbstractExecutionMiddleware.php(31): Rebing\\GraphQL\\Support\\ExecutionMiddleware\\ValidateOperationParamsMiddleware->handle()
#32 /home/tudor/Desktop/admin-insurances/vendor/laravel/framework/src/Illuminate/Pipeline/Pipeline.php(183): Rebing\\GraphQL\\Support\\ExecutionMiddleware\\AbstractExecutionMiddleware->resolve()
#33 /home/tudor/Desktop/admin-insurances/vendor/laravel/framework/src/Illuminate/Pipeline/Pipeline.php(119): Illuminate\\Pipeline\\Pipeline->Illuminate\\Pipeline\\{closure}()
#34 /home/tudor/Desktop/admin-insurances/vendor/laravel/framework/src/Illuminate/Pipeline/Pipeline.php(129): Illuminate\\Pipeline\\Pipeline->then()
#35 /home/tudor/Desktop/admin-insurances/vendor/rebing/graphql-laravel/src/GraphQL.php(169): Illuminate\\Pipeline\\Pipeline->thenReturn()
#36 /home/tudor/Desktop/admin-insurances/vendor/rebing/graphql-laravel/src/GraphQL.php(151): Rebing\\GraphQL\\GraphQL->executeViaMiddleware()
#37 /home/tudor/Desktop/admin-insurances/vendor/rebing/graphql-laravel/src/GraphQL.php(137): Rebing\\GraphQL\\GraphQL->executeAndReturnResult()
#38 /home/tudor/Desktop/admin-insurances/vendor/rebing/graphql-laravel/src/GraphQLController.php(41): Rebing\\GraphQL\\GraphQL->execute()
#39 /home/tudor/Desktop/admin-insurances/vendor/rebing/graphql-laravel/src/Helpers.php(24): Rebing\\GraphQL\\GraphQLController->Rebing\\GraphQL\\{closure}()
#40 /home/tudor/Desktop/admin-insurances/vendor/rebing/graphql-laravel/src/GraphQLController.php(37): Rebing\\GraphQL\\Helpers::applyEach()
#41 /home/tudor/Desktop/admin-insurances/vendor/laravel/framework/src/Illuminate/Routing/Controller.php(54): Rebing\\GraphQL\\GraphQLController->query()
#42 /home/tudor/Desktop/admin-insurances/vendor/laravel/framework/src/Illuminate/Routing/ControllerDispatcher.php(43): Illuminate\\Routing\\Controller->callAction()
#43 /home/tudor/Desktop/admin-insurances/vendor/laravel/framework/src/Illuminate/Routing/Route.php(264): Illuminate\\Routing\\ControllerDispatcher->dispatch()
#44 /home/tudor/Desktop/admin-insurances/vendor/laravel/framework/src/Illuminate/Routing/Route.php(210): Illuminate\\Routing\\Route->runController()
#45 /home/tudor/Desktop/admin-insurances/vendor/laravel/framework/src/Illuminate/Routing/Router.php(808): Illuminate\\Routing\\Route->run()
#46 /home/tudor/Desktop/admin-insurances/vendor/laravel/framework/src/Illuminate/Pipeline/Pipeline.php(144): Illuminate\\Routing\\Router->Illuminate\\Routing\\{closure}()
#47 /home/tudor/Desktop/admin-insurances/app/Http/Middleware/Authorization.php(31): Illuminate\\Pipeline\\Pipeline->Illuminate\\Pipeline\\{closure}()
#48 /home/tudor/Desktop/admin-insurances/vendor/laravel/framework/src/Illuminate/Pipeline/Pipeline.php(183): App\\Http\\Middleware\\Authorization->handle()
#49 /home/tudor/Desktop/admin-insurances/vendor/laravel/framework/src/Illuminate/Pipeline/Pipeline.php(119): Illuminate\\Pipeline\\Pipeline->Illuminate\\Pipeline\\{closure}()
#50 /home/tudor/Desktop/admin-insurances/vendor/laravel/framework/src/Illuminate/Routing/Router.php(807): Illuminate\\Pipeline\\Pipeline->then()
#51 /home/tudor/Desktop/admin-insurances/vendor/laravel/framework/src/Illuminate/Routing/Router.php(786): Illuminate\\Routing\\Router->runRouteWithinStack()
#52 /home/tudor/Desktop/admin-insurances/vendor/laravel/framework/src/Illuminate/Routing/Router.php(750): Illuminate\\Routing\\Router->runRoute()
#53 /home/tudor/Desktop/admin-insurances/vendor/laravel/framework/src/Illuminate/Routing/Router.php(739): Illuminate\\Routing\\Router->dispatchToRoute()
#54 /home/tudor/Desktop/admin-insurances/vendor/laravel/framework/src/Illuminate/Foundation/Http/Kernel.php(201): Illuminate\\Routing\\Router->dispatch()
#55 /home/tudor/Desktop/admin-insurances/vendor/laravel/framework/src/Illuminate/Pipeline/Pipeline.php(144): Illuminate\\Foundation\\Http\\Kernel->Illuminate\\Foundation\\Http\\{closure}()
#56 /home/tudor/Desktop/admin-insurances/vendor/laravel/framework/src/Illuminate/Foundation/Http/Middleware/TransformsRequest.php(21): Illuminate\\Pipeline\\Pipeline->Illuminate\\Pipeline\\{closure}()
#57 /home/tudor/Desktop/admin-insurances/vendor/laravel/framework/src/Illuminate/Foundation/Http/Middleware/ConvertEmptyStringsToNull.php(31): Illuminate\\Foundation\\Http\\Middleware\\TransformsRequest->handle()
#58 /home/tudor/Desktop/admin-insurances/vendor/laravel/framework/src/Illuminate/Pipeline/Pipeline.php(183): Illuminate\\Foundation\\Http\\Middleware\\ConvertEmptyStringsToNull->handle()
#59 /home/tudor/Desktop/admin-insurances/vendor/laravel/framework/src/Illuminate/Foundation/Http/Middleware/TransformsRequest.php(21): Illuminate\\Pipeline\\Pipeline->Illuminate\\Pipeline\\{closure}()
#60 /home/tudor/Desktop/admin-insurances/vendor/laravel/framework/src/Illuminate/Foundation/Http/Middleware/TrimStrings.php(51): Illuminate\\Foundation\\Http\\Middleware\\TransformsRequest->handle()
#61 /home/tudor/Desktop/admin-insurances/vendor/laravel/framework/src/Illuminate/Pipeline/Pipeline.php(183): Illuminate\\Foundation\\Http\\Middleware\\TrimStrings->handle()
#62 /home/tudor/Desktop/admin-insurances/vendor/laravel/framework/src/Illuminate/Http/Middleware/ValidatePostSize.php(27): Illuminate\\Pipeline\\Pipeline->Illuminate\\Pipeline\\{closure}()
#63 /home/tudor/Desktop/admin-insurances/vendor/laravel/framework/src/Illuminate/Pipeline/Pipeline.php(183): Illuminate\\Http\\Middleware\\ValidatePostSize->handle()
#64 /home/tudor/Desktop/admin-insurances/vendor/laravel/framework/src/Illuminate/Foundation/Http/Middleware/PreventRequestsDuringMaintenance.php(110): Illuminate\\Pipeline\\Pipeline->Illuminate\\Pipeline\\{closure}()
#65 /home/tudor/Desktop/admin-insurances/vendor/laravel/framework/src/Illuminate/Pipeline/Pipeline.php(183): Illuminate\\Foundation\\Http\\Middleware\\PreventRequestsDuringMaintenance->handle()
#66 /home/tudor/Desktop/admin-insurances/vendor/laravel/framework/src/Illuminate/Http/Middleware/HandleCors.php(62): Illuminate\\Pipeline\\Pipeline->Illuminate\\Pipeline\\{closure}()
#67 /home/tudor/Desktop/admin-insurances/vendor/laravel/framework/src/Illuminate/Pipeline/Pipeline.php(183): Illuminate\\Http\\Middleware\\HandleCors->handle()
#68 /home/tudor/Desktop/admin-insurances/vendor/laravel/framework/src/Illuminate/Http/Middleware/TrustProxies.php(58): Illuminate\\Pipeline\\Pipeline->Illuminate\\Pipeline\\{closure}()
#69 /home/tudor/Desktop/admin-insurances/vendor/laravel/framework/src/Illuminate/Pipeline/Pipeline.php(183): Illuminate\\Http\\Middleware\\TrustProxies->handle()
#70 /home/tudor/Desktop/admin-insurances/vendor/laravel/framework/src/Illuminate/Foundation/Http/Middleware/InvokeDeferredCallbacks.php(22): Illuminate\\Pipeline\\Pipeline->Illuminate\\Pipeline\\{closure}()
#71 /home/tudor/Desktop/admin-insurances/vendor/laravel/framework/src/Illuminate/Pipeline/Pipeline.php(183): Illuminate\\Foundation\\Http\\Middleware\\InvokeDeferredCallbacks->handle()
#72 /home/tudor/Desktop/admin-insurances/vendor/laravel/framework/src/Illuminate/Pipeline/Pipeline.php(119): Illuminate\\Pipeline\\Pipeline->Illuminate\\Pipeline\\{closure}()
#73 /home/tudor/Desktop/admin-insurances/vendor/laravel/framework/src/Illuminate/Foundation/Http/Kernel.php(176): Illuminate\\Pipeline\\Pipeline->then()
#74 /home/tudor/Desktop/admin-insurances/vendor/laravel/framework/src/Illuminate/Foundation/Http/Kernel.php(145): Illuminate\\Foundation\\Http\\Kernel->sendRequestThroughRouter()
#75 /home/tudor/Desktop/admin-insurances/vendor/laravel/framework/src/Illuminate/Foundation/Application.php(1188): Illuminate\\Foundation\\Http\\Kernel->handle()
#76 /home/tudor/Desktop/admin-insurances/public/index.php(17): Illuminate\\Foundation\\Application->handleRequest()
#77 /home/tudor/Desktop/admin-insurances/vendor/laravel/framework/src/Illuminate/Foundation/resources/server.php(23): require_once('...')
#78 {main}
"} 
[2024-12-24 17:40:47] local.ERROR: Type Permission not found. Check that the config array key for the type matches the name attribute in the type's class. {"exception":"[object] (Rebing\\GraphQL\\Exception\\TypeNotFound(code: 0): Type Permission not found. Check that the config array key for the type matches the name attribute in the type's class. at /home/tudor/Desktop/admin-insurances/vendor/rebing/graphql-laravel/src/GraphQL.php:276)
[stacktrace]
#0 /home/tudor/Desktop/admin-insurances/vendor/rebing/graphql-laravel/src/GraphQL.php(256): Rebing\\GraphQL\\GraphQL->getType()
#1 /home/tudor/Desktop/admin-insurances/vendor/laravel/framework/src/Illuminate/Support/Facades/Facade.php(358): Rebing\\GraphQL\\GraphQL->type()
#2 /home/tudor/Desktop/admin-insurances/app/GraphQL/Types/Roles/RoleType.php(37): Illuminate\\Support\\Facades\\Facade::__callStatic()
#3 /home/tudor/Desktop/admin-insurances/vendor/rebing/graphql-laravel/src/Support/Type.php(78): App\\GraphQL\\Types\\Roles\\RoleType->fields()
#4 /home/tudor/Desktop/admin-insurances/vendor/rebing/graphql-laravel/src/Support/Type.php(114): Rebing\\GraphQL\\Support\\Type->getFields()
#5 /home/tudor/Desktop/admin-insurances/vendor/webonyx/graphql-php/src/Type/Definition/FieldDefinition.php(141): Rebing\\GraphQL\\Support\\Type->Rebing\\GraphQL\\Support\\{closure}()
#6 /home/tudor/Desktop/admin-insurances/vendor/webonyx/graphql-php/src/Type/Definition/HasFieldsTypeImplementation.php(26): GraphQL\\Type\\Definition\\FieldDefinition::defineFieldMap()
#7 /home/tudor/Desktop/admin-insurances/vendor/webonyx/graphql-php/src/Type/Definition/HasFieldsTypeImplementation.php(61): GraphQL\\Type\\Definition\\ObjectType->initializeFields()
#8 /home/tudor/Desktop/admin-insurances/vendor/webonyx/graphql-php/src/Validator/Rules/OverlappingFieldsCanBeMerged.php(253): GraphQL\\Type\\Definition\\ObjectType->hasField()
#9 /home/tudor/Desktop/admin-insurances/vendor/webonyx/graphql-php/src/Validator/Rules/OverlappingFieldsCanBeMerged.php(161): GraphQL\\Validator\\Rules\\OverlappingFieldsCanBeMerged->internalCollectFieldsAndFragmentNames()
#10 /home/tudor/Desktop/admin-insurances/vendor/webonyx/graphql-php/src/Validator/Rules/OverlappingFieldsCanBeMerged.php(91): GraphQL\\Validator\\Rules\\OverlappingFieldsCanBeMerged->getFieldsAndFragmentNames()
#11 /home/tudor/Desktop/admin-insurances/vendor/webonyx/graphql-php/src/Validator/Rules/OverlappingFieldsCanBeMerged.php(59): GraphQL\\Validator\\Rules\\OverlappingFieldsCanBeMerged->findConflictsWithinSelectionSet()
#12 /home/tudor/Desktop/admin-insurances/vendor/webonyx/graphql-php/src/Language/Visitor.php(390): GraphQL\\Validator\\Rules\\OverlappingFieldsCanBeMerged->GraphQL\\Validator\\Rules\\{closure}()
#13 /home/tudor/Desktop/admin-insurances/vendor/webonyx/graphql-php/src/Language/Visitor.php(453): GraphQL\\Language\\Visitor::GraphQL\\Language\\{closure}()
#14 /home/tudor/Desktop/admin-insurances/vendor/webonyx/graphql-php/src/Language/Visitor.php(263): GraphQL\\Language\\Visitor::GraphQL\\Language\\{closure}()
#15 /home/tudor/Desktop/admin-insurances/vendor/webonyx/graphql-php/src/Validator/DocumentValidator.php(118): GraphQL\\Language\\Visitor::visit()
#16 /home/tudor/Desktop/admin-insurances/vendor/webonyx/graphql-php/src/GraphQL.php(155): GraphQL\\Validator\\DocumentValidator::validate()
#17 /home/tudor/Desktop/admin-insurances/vendor/webonyx/graphql-php/src/GraphQL.php(97): GraphQL\\GraphQL::promiseToExecute()
#18 /home/tudor/Desktop/admin-insurances/vendor/rebing/graphql-laravel/src/Support/ExecutionMiddleware/GraphqlExecutionMiddleware.php(32): GraphQL\\GraphQL::executeQuery()
#19 /home/tudor/Desktop/admin-insurances/vendor/rebing/graphql-laravel/src/Support/ExecutionMiddleware/AbstractExecutionMiddleware.php(31): Rebing\\GraphQL\\Support\\ExecutionMiddleware\\GraphqlExecutionMiddleware->handle()
#20 /home/tudor/Desktop/admin-insurances/vendor/laravel/framework/src/Illuminate/Pipeline/Pipeline.php(183): Rebing\\GraphQL\\Support\\ExecutionMiddleware\\AbstractExecutionMiddleware->resolve()
#21 /home/tudor/Desktop/admin-insurances/vendor/rebing/graphql-laravel/src/Support/ExecutionMiddleware/AbstractExecutionMiddleware.php(33): Illuminate\\Pipeline\\Pipeline->Illuminate\\Pipeline\\{closure}()
#22 /home/tudor/Desktop/admin-insurances/vendor/rebing/graphql-laravel/src/Support/ExecutionMiddleware/AddAuthUserContextValueMiddleware.php(28): Rebing\\GraphQL\\Support\\ExecutionMiddleware\\AbstractExecutionMiddleware->Rebing\\GraphQL\\Support\\ExecutionMiddleware\\{closure}()
#23 /home/tudor/Desktop/admin-insurances/vendor/rebing/graphql-laravel/src/Support/ExecutionMiddleware/AbstractExecutionMiddleware.php(31): Rebing\\GraphQL\\Support\\ExecutionMiddleware\\AddAuthUserContextValueMiddleware->handle()
#24 /home/tudor/Desktop/admin-insurances/vendor/laravel/framework/src/Illuminate/Pipeline/Pipeline.php(183): Rebing\\GraphQL\\Support\\ExecutionMiddleware\\AbstractExecutionMiddleware->resolve()
#25 /home/tudor/Desktop/admin-insurances/vendor/rebing/graphql-laravel/src/Support/ExecutionMiddleware/AbstractExecutionMiddleware.php(33): Illuminate\\Pipeline\\Pipeline->Illuminate\\Pipeline\\{closure}()
#26 /home/tudor/Desktop/admin-insurances/vendor/rebing/graphql-laravel/src/Support/ExecutionMiddleware/AutomaticPersistedQueriesMiddleware.php(42): Rebing\\GraphQL\\Support\\ExecutionMiddleware\\AbstractExecutionMiddleware->Rebing\\GraphQL\\Support\\ExecutionMiddleware\\{closure}()
#27 /home/tudor/Desktop/admin-insurances/vendor/rebing/graphql-laravel/src/Support/ExecutionMiddleware/AbstractExecutionMiddleware.php(31): Rebing\\GraphQL\\Support\\ExecutionMiddleware\\AutomaticPersistedQueriesMiddleware->handle()
#28 /home/tudor/Desktop/admin-insurances/vendor/laravel/framework/src/Illuminate/Pipeline/Pipeline.php(183): Rebing\\GraphQL\\Support\\ExecutionMiddleware\\AbstractExecutionMiddleware->resolve()
#29 /home/tudor/Desktop/admin-insurances/vendor/rebing/graphql-laravel/src/Support/ExecutionMiddleware/AbstractExecutionMiddleware.php(33): Illuminate\\Pipeline\\Pipeline->Illuminate\\Pipeline\\{closure}()
#30 /home/tudor/Desktop/admin-insurances/vendor/rebing/graphql-laravel/src/Support/ExecutionMiddleware/ValidateOperationParamsMiddleware.php(39): Rebing\\GraphQL\\Support\\ExecutionMiddleware\\AbstractExecutionMiddleware->Rebing\\GraphQL\\Support\\ExecutionMiddleware\\{closure}()
#31 /home/tudor/Desktop/admin-insurances/vendor/rebing/graphql-laravel/src/Support/ExecutionMiddleware/AbstractExecutionMiddleware.php(31): Rebing\\GraphQL\\Support\\ExecutionMiddleware\\ValidateOperationParamsMiddleware->handle()
#32 /home/tudor/Desktop/admin-insurances/vendor/laravel/framework/src/Illuminate/Pipeline/Pipeline.php(183): Rebing\\GraphQL\\Support\\ExecutionMiddleware\\AbstractExecutionMiddleware->resolve()
#33 /home/tudor/Desktop/admin-insurances/vendor/laravel/framework/src/Illuminate/Pipeline/Pipeline.php(119): Illuminate\\Pipeline\\Pipeline->Illuminate\\Pipeline\\{closure}()
#34 /home/tudor/Desktop/admin-insurances/vendor/laravel/framework/src/Illuminate/Pipeline/Pipeline.php(129): Illuminate\\Pipeline\\Pipeline->then()
#35 /home/tudor/Desktop/admin-insurances/vendor/rebing/graphql-laravel/src/GraphQL.php(169): Illuminate\\Pipeline\\Pipeline->thenReturn()
#36 /home/tudor/Desktop/admin-insurances/vendor/rebing/graphql-laravel/src/GraphQL.php(151): Rebing\\GraphQL\\GraphQL->executeViaMiddleware()
#37 /home/tudor/Desktop/admin-insurances/vendor/rebing/graphql-laravel/src/GraphQL.php(137): Rebing\\GraphQL\\GraphQL->executeAndReturnResult()
#38 /home/tudor/Desktop/admin-insurances/vendor/rebing/graphql-laravel/src/GraphQLController.php(41): Rebing\\GraphQL\\GraphQL->execute()
#39 /home/tudor/Desktop/admin-insurances/vendor/rebing/graphql-laravel/src/Helpers.php(24): Rebing\\GraphQL\\GraphQLController->Rebing\\GraphQL\\{closure}()
#40 /home/tudor/Desktop/admin-insurances/vendor/rebing/graphql-laravel/src/GraphQLController.php(37): Rebing\\GraphQL\\Helpers::applyEach()
#41 /home/tudor/Desktop/admin-insurances/vendor/laravel/framework/src/Illuminate/Routing/Controller.php(54): Rebing\\GraphQL\\GraphQLController->query()
#42 /home/tudor/Desktop/admin-insurances/vendor/laravel/framework/src/Illuminate/Routing/ControllerDispatcher.php(43): Illuminate\\Routing\\Controller->callAction()
#43 /home/tudor/Desktop/admin-insurances/vendor/laravel/framework/src/Illuminate/Routing/Route.php(264): Illuminate\\Routing\\ControllerDispatcher->dispatch()
#44 /home/tudor/Desktop/admin-insurances/vendor/laravel/framework/src/Illuminate/Routing/Route.php(210): Illuminate\\Routing\\Route->runController()
#45 /home/tudor/Desktop/admin-insurances/vendor/laravel/framework/src/Illuminate/Routing/Router.php(808): Illuminate\\Routing\\Route->run()
#46 /home/tudor/Desktop/admin-insurances/vendor/laravel/framework/src/Illuminate/Pipeline/Pipeline.php(144): Illuminate\\Routing\\Router->Illuminate\\Routing\\{closure}()
#47 /home/tudor/Desktop/admin-insurances/app/Http/Middleware/Authorization.php(31): Illuminate\\Pipeline\\Pipeline->Illuminate\\Pipeline\\{closure}()
#48 /home/tudor/Desktop/admin-insurances/vendor/laravel/framework/src/Illuminate/Pipeline/Pipeline.php(183): App\\Http\\Middleware\\Authorization->handle()
#49 /home/tudor/Desktop/admin-insurances/vendor/laravel/framework/src/Illuminate/Pipeline/Pipeline.php(119): Illuminate\\Pipeline\\Pipeline->Illuminate\\Pipeline\\{closure}()
#50 /home/tudor/Desktop/admin-insurances/vendor/laravel/framework/src/Illuminate/Routing/Router.php(807): Illuminate\\Pipeline\\Pipeline->then()
#51 /home/tudor/Desktop/admin-insurances/vendor/laravel/framework/src/Illuminate/Routing/Router.php(786): Illuminate\\Routing\\Router->runRouteWithinStack()
#52 /home/tudor/Desktop/admin-insurances/vendor/laravel/framework/src/Illuminate/Routing/Router.php(750): Illuminate\\Routing\\Router->runRoute()
#53 /home/tudor/Desktop/admin-insurances/vendor/laravel/framework/src/Illuminate/Routing/Router.php(739): Illuminate\\Routing\\Router->dispatchToRoute()
#54 /home/tudor/Desktop/admin-insurances/vendor/laravel/framework/src/Illuminate/Foundation/Http/Kernel.php(201): Illuminate\\Routing\\Router->dispatch()
#55 /home/tudor/Desktop/admin-insurances/vendor/laravel/framework/src/Illuminate/Pipeline/Pipeline.php(144): Illuminate\\Foundation\\Http\\Kernel->Illuminate\\Foundation\\Http\\{closure}()
#56 /home/tudor/Desktop/admin-insurances/vendor/laravel/framework/src/Illuminate/Foundation/Http/Middleware/TransformsRequest.php(21): Illuminate\\Pipeline\\Pipeline->Illuminate\\Pipeline\\{closure}()
#57 /home/tudor/Desktop/admin-insurances/vendor/laravel/framework/src/Illuminate/Foundation/Http/Middleware/ConvertEmptyStringsToNull.php(31): Illuminate\\Foundation\\Http\\Middleware\\TransformsRequest->handle()
#58 /home/tudor/Desktop/admin-insurances/vendor/laravel/framework/src/Illuminate/Pipeline/Pipeline.php(183): Illuminate\\Foundation\\Http\\Middleware\\ConvertEmptyStringsToNull->handle()
#59 /home/tudor/Desktop/admin-insurances/vendor/laravel/framework/src/Illuminate/Foundation/Http/Middleware/TransformsRequest.php(21): Illuminate\\Pipeline\\Pipeline->Illuminate\\Pipeline\\{closure}()
#60 /home/tudor/Desktop/admin-insurances/vendor/laravel/framework/src/Illuminate/Foundation/Http/Middleware/TrimStrings.php(51): Illuminate\\Foundation\\Http\\Middleware\\TransformsRequest->handle()
#61 /home/tudor/Desktop/admin-insurances/vendor/laravel/framework/src/Illuminate/Pipeline/Pipeline.php(183): Illuminate\\Foundation\\Http\\Middleware\\TrimStrings->handle()
#62 /home/tudor/Desktop/admin-insurances/vendor/laravel/framework/src/Illuminate/Http/Middleware/ValidatePostSize.php(27): Illuminate\\Pipeline\\Pipeline->Illuminate\\Pipeline\\{closure}()
#63 /home/tudor/Desktop/admin-insurances/vendor/laravel/framework/src/Illuminate/Pipeline/Pipeline.php(183): Illuminate\\Http\\Middleware\\ValidatePostSize->handle()
#64 /home/tudor/Desktop/admin-insurances/vendor/laravel/framework/src/Illuminate/Foundation/Http/Middleware/PreventRequestsDuringMaintenance.php(110): Illuminate\\Pipeline\\Pipeline->Illuminate\\Pipeline\\{closure}()
#65 /home/tudor/Desktop/admin-insurances/vendor/laravel/framework/src/Illuminate/Pipeline/Pipeline.php(183): Illuminate\\Foundation\\Http\\Middleware\\PreventRequestsDuringMaintenance->handle()
#66 /home/tudor/Desktop/admin-insurances/vendor/laravel/framework/src/Illuminate/Http/Middleware/HandleCors.php(62): Illuminate\\Pipeline\\Pipeline->Illuminate\\Pipeline\\{closure}()
#67 /home/tudor/Desktop/admin-insurances/vendor/laravel/framework/src/Illuminate/Pipeline/Pipeline.php(183): Illuminate\\Http\\Middleware\\HandleCors->handle()
#68 /home/tudor/Desktop/admin-insurances/vendor/laravel/framework/src/Illuminate/Http/Middleware/TrustProxies.php(58): Illuminate\\Pipeline\\Pipeline->Illuminate\\Pipeline\\{closure}()
#69 /home/tudor/Desktop/admin-insurances/vendor/laravel/framework/src/Illuminate/Pipeline/Pipeline.php(183): Illuminate\\Http\\Middleware\\TrustProxies->handle()
#70 /home/tudor/Desktop/admin-insurances/vendor/laravel/framework/src/Illuminate/Foundation/Http/Middleware/InvokeDeferredCallbacks.php(22): Illuminate\\Pipeline\\Pipeline->Illuminate\\Pipeline\\{closure}()
#71 /home/tudor/Desktop/admin-insurances/vendor/laravel/framework/src/Illuminate/Pipeline/Pipeline.php(183): Illuminate\\Foundation\\Http\\Middleware\\InvokeDeferredCallbacks->handle()
#72 /home/tudor/Desktop/admin-insurances/vendor/laravel/framework/src/Illuminate/Pipeline/Pipeline.php(119): Illuminate\\Pipeline\\Pipeline->Illuminate\\Pipeline\\{closure}()
#73 /home/tudor/Desktop/admin-insurances/vendor/laravel/framework/src/Illuminate/Foundation/Http/Kernel.php(176): Illuminate\\Pipeline\\Pipeline->then()
#74 /home/tudor/Desktop/admin-insurances/vendor/laravel/framework/src/Illuminate/Foundation/Http/Kernel.php(145): Illuminate\\Foundation\\Http\\Kernel->sendRequestThroughRouter()
#75 /home/tudor/Desktop/admin-insurances/vendor/laravel/framework/src/Illuminate/Foundation/Application.php(1188): Illuminate\\Foundation\\Http\\Kernel->handle()
#76 /home/tudor/Desktop/admin-insurances/public/index.php(17): Illuminate\\Foundation\\Application->handleRequest()
#77 /home/tudor/Desktop/admin-insurances/vendor/laravel/framework/src/Illuminate/Foundation/resources/server.php(23): require_once('...')
#78 {main}
"} 
[2024-12-24 17:46:22] local.ERROR: Type Permission not found. Check that the config array key for the type matches the name attribute in the type's class. {"exception":"[object] (Rebing\\GraphQL\\Exception\\TypeNotFound(code: 0): Type Permission not found. Check that the config array key for the type matches the name attribute in the type's class. at /home/tudor/Desktop/admin-insurances/vendor/rebing/graphql-laravel/src/GraphQL.php:276)
[stacktrace]
#0 /home/tudor/Desktop/admin-insurances/vendor/rebing/graphql-laravel/src/GraphQL.php(256): Rebing\\GraphQL\\GraphQL->getType()
#1 /home/tudor/Desktop/admin-insurances/vendor/laravel/framework/src/Illuminate/Support/Facades/Facade.php(358): Rebing\\GraphQL\\GraphQL->type()
#2 /home/tudor/Desktop/admin-insurances/app/GraphQL/Types/Roles/RoleType.php(37): Illuminate\\Support\\Facades\\Facade::__callStatic()
#3 /home/tudor/Desktop/admin-insurances/vendor/rebing/graphql-laravel/src/Support/Type.php(78): App\\GraphQL\\Types\\Roles\\RoleType->fields()
#4 /home/tudor/Desktop/admin-insurances/vendor/rebing/graphql-laravel/src/Support/Type.php(114): Rebing\\GraphQL\\Support\\Type->getFields()
#5 /home/tudor/Desktop/admin-insurances/vendor/webonyx/graphql-php/src/Type/Definition/FieldDefinition.php(141): Rebing\\GraphQL\\Support\\Type->Rebing\\GraphQL\\Support\\{closure}()
#6 /home/tudor/Desktop/admin-insurances/vendor/webonyx/graphql-php/src/Type/Definition/HasFieldsTypeImplementation.php(26): GraphQL\\Type\\Definition\\FieldDefinition::defineFieldMap()
#7 /home/tudor/Desktop/admin-insurances/vendor/webonyx/graphql-php/src/Type/Definition/HasFieldsTypeImplementation.php(61): GraphQL\\Type\\Definition\\ObjectType->initializeFields()
#8 /home/tudor/Desktop/admin-insurances/vendor/webonyx/graphql-php/src/Validator/Rules/OverlappingFieldsCanBeMerged.php(253): GraphQL\\Type\\Definition\\ObjectType->hasField()
#9 /home/tudor/Desktop/admin-insurances/vendor/webonyx/graphql-php/src/Validator/Rules/OverlappingFieldsCanBeMerged.php(161): GraphQL\\Validator\\Rules\\OverlappingFieldsCanBeMerged->internalCollectFieldsAndFragmentNames()
#10 /home/tudor/Desktop/admin-insurances/vendor/webonyx/graphql-php/src/Validator/Rules/OverlappingFieldsCanBeMerged.php(91): GraphQL\\Validator\\Rules\\OverlappingFieldsCanBeMerged->getFieldsAndFragmentNames()
#11 /home/tudor/Desktop/admin-insurances/vendor/webonyx/graphql-php/src/Validator/Rules/OverlappingFieldsCanBeMerged.php(59): GraphQL\\Validator\\Rules\\OverlappingFieldsCanBeMerged->findConflictsWithinSelectionSet()
#12 /home/tudor/Desktop/admin-insurances/vendor/webonyx/graphql-php/src/Language/Visitor.php(390): GraphQL\\Validator\\Rules\\OverlappingFieldsCanBeMerged->GraphQL\\Validator\\Rules\\{closure}()
#13 /home/tudor/Desktop/admin-insurances/vendor/webonyx/graphql-php/src/Language/Visitor.php(453): GraphQL\\Language\\Visitor::GraphQL\\Language\\{closure}()
#14 /home/tudor/Desktop/admin-insurances/vendor/webonyx/graphql-php/src/Language/Visitor.php(263): GraphQL\\Language\\Visitor::GraphQL\\Language\\{closure}()
#15 /home/tudor/Desktop/admin-insurances/vendor/webonyx/graphql-php/src/Validator/DocumentValidator.php(118): GraphQL\\Language\\Visitor::visit()
#16 /home/tudor/Desktop/admin-insurances/vendor/webonyx/graphql-php/src/GraphQL.php(155): GraphQL\\Validator\\DocumentValidator::validate()
#17 /home/tudor/Desktop/admin-insurances/vendor/webonyx/graphql-php/src/GraphQL.php(97): GraphQL\\GraphQL::promiseToExecute()
#18 /home/tudor/Desktop/admin-insurances/vendor/rebing/graphql-laravel/src/Support/ExecutionMiddleware/GraphqlExecutionMiddleware.php(32): GraphQL\\GraphQL::executeQuery()
#19 /home/tudor/Desktop/admin-insurances/vendor/rebing/graphql-laravel/src/Support/ExecutionMiddleware/AbstractExecutionMiddleware.php(31): Rebing\\GraphQL\\Support\\ExecutionMiddleware\\GraphqlExecutionMiddleware->handle()
#20 /home/tudor/Desktop/admin-insurances/vendor/laravel/framework/src/Illuminate/Pipeline/Pipeline.php(183): Rebing\\GraphQL\\Support\\ExecutionMiddleware\\AbstractExecutionMiddleware->resolve()
#21 /home/tudor/Desktop/admin-insurances/vendor/rebing/graphql-laravel/src/Support/ExecutionMiddleware/AbstractExecutionMiddleware.php(33): Illuminate\\Pipeline\\Pipeline->Illuminate\\Pipeline\\{closure}()
#22 /home/tudor/Desktop/admin-insurances/vendor/rebing/graphql-laravel/src/Support/ExecutionMiddleware/AddAuthUserContextValueMiddleware.php(28): Rebing\\GraphQL\\Support\\ExecutionMiddleware\\AbstractExecutionMiddleware->Rebing\\GraphQL\\Support\\ExecutionMiddleware\\{closure}()
#23 /home/tudor/Desktop/admin-insurances/vendor/rebing/graphql-laravel/src/Support/ExecutionMiddleware/AbstractExecutionMiddleware.php(31): Rebing\\GraphQL\\Support\\ExecutionMiddleware\\AddAuthUserContextValueMiddleware->handle()
#24 /home/tudor/Desktop/admin-insurances/vendor/laravel/framework/src/Illuminate/Pipeline/Pipeline.php(183): Rebing\\GraphQL\\Support\\ExecutionMiddleware\\AbstractExecutionMiddleware->resolve()
#25 /home/tudor/Desktop/admin-insurances/vendor/rebing/graphql-laravel/src/Support/ExecutionMiddleware/AbstractExecutionMiddleware.php(33): Illuminate\\Pipeline\\Pipeline->Illuminate\\Pipeline\\{closure}()
#26 /home/tudor/Desktop/admin-insurances/vendor/rebing/graphql-laravel/src/Support/ExecutionMiddleware/AutomaticPersistedQueriesMiddleware.php(42): Rebing\\GraphQL\\Support\\ExecutionMiddleware\\AbstractExecutionMiddleware->Rebing\\GraphQL\\Support\\ExecutionMiddleware\\{closure}()
#27 /home/tudor/Desktop/admin-insurances/vendor/rebing/graphql-laravel/src/Support/ExecutionMiddleware/AbstractExecutionMiddleware.php(31): Rebing\\GraphQL\\Support\\ExecutionMiddleware\\AutomaticPersistedQueriesMiddleware->handle()
#28 /home/tudor/Desktop/admin-insurances/vendor/laravel/framework/src/Illuminate/Pipeline/Pipeline.php(183): Rebing\\GraphQL\\Support\\ExecutionMiddleware\\AbstractExecutionMiddleware->resolve()
#29 /home/tudor/Desktop/admin-insurances/vendor/rebing/graphql-laravel/src/Support/ExecutionMiddleware/AbstractExecutionMiddleware.php(33): Illuminate\\Pipeline\\Pipeline->Illuminate\\Pipeline\\{closure}()
#30 /home/tudor/Desktop/admin-insurances/vendor/rebing/graphql-laravel/src/Support/ExecutionMiddleware/ValidateOperationParamsMiddleware.php(39): Rebing\\GraphQL\\Support\\ExecutionMiddleware\\AbstractExecutionMiddleware->Rebing\\GraphQL\\Support\\ExecutionMiddleware\\{closure}()
#31 /home/tudor/Desktop/admin-insurances/vendor/rebing/graphql-laravel/src/Support/ExecutionMiddleware/AbstractExecutionMiddleware.php(31): Rebing\\GraphQL\\Support\\ExecutionMiddleware\\ValidateOperationParamsMiddleware->handle()
#32 /home/tudor/Desktop/admin-insurances/vendor/laravel/framework/src/Illuminate/Pipeline/Pipeline.php(183): Rebing\\GraphQL\\Support\\ExecutionMiddleware\\AbstractExecutionMiddleware->resolve()
#33 /home/tudor/Desktop/admin-insurances/vendor/laravel/framework/src/Illuminate/Pipeline/Pipeline.php(119): Illuminate\\Pipeline\\Pipeline->Illuminate\\Pipeline\\{closure}()
#34 /home/tudor/Desktop/admin-insurances/vendor/laravel/framework/src/Illuminate/Pipeline/Pipeline.php(129): Illuminate\\Pipeline\\Pipeline->then()
#35 /home/tudor/Desktop/admin-insurances/vendor/rebing/graphql-laravel/src/GraphQL.php(169): Illuminate\\Pipeline\\Pipeline->thenReturn()
#36 /home/tudor/Desktop/admin-insurances/vendor/rebing/graphql-laravel/src/GraphQL.php(151): Rebing\\GraphQL\\GraphQL->executeViaMiddleware()
#37 /home/tudor/Desktop/admin-insurances/vendor/rebing/graphql-laravel/src/GraphQL.php(137): Rebing\\GraphQL\\GraphQL->executeAndReturnResult()
#38 /home/tudor/Desktop/admin-insurances/vendor/rebing/graphql-laravel/src/GraphQLController.php(41): Rebing\\GraphQL\\GraphQL->execute()
#39 /home/tudor/Desktop/admin-insurances/vendor/rebing/graphql-laravel/src/Helpers.php(24): Rebing\\GraphQL\\GraphQLController->Rebing\\GraphQL\\{closure}()
#40 /home/tudor/Desktop/admin-insurances/vendor/rebing/graphql-laravel/src/GraphQLController.php(37): Rebing\\GraphQL\\Helpers::applyEach()
#41 /home/tudor/Desktop/admin-insurances/vendor/laravel/framework/src/Illuminate/Routing/Controller.php(54): Rebing\\GraphQL\\GraphQLController->query()
#42 /home/tudor/Desktop/admin-insurances/vendor/laravel/framework/src/Illuminate/Routing/ControllerDispatcher.php(43): Illuminate\\Routing\\Controller->callAction()
#43 /home/tudor/Desktop/admin-insurances/vendor/laravel/framework/src/Illuminate/Routing/Route.php(264): Illuminate\\Routing\\ControllerDispatcher->dispatch()
#44 /home/tudor/Desktop/admin-insurances/vendor/laravel/framework/src/Illuminate/Routing/Route.php(210): Illuminate\\Routing\\Route->runController()
#45 /home/tudor/Desktop/admin-insurances/vendor/laravel/framework/src/Illuminate/Routing/Router.php(808): Illuminate\\Routing\\Route->run()
#46 /home/tudor/Desktop/admin-insurances/vendor/laravel/framework/src/Illuminate/Pipeline/Pipeline.php(144): Illuminate\\Routing\\Router->Illuminate\\Routing\\{closure}()
#47 /home/tudor/Desktop/admin-insurances/app/Http/Middleware/Authorization.php(31): Illuminate\\Pipeline\\Pipeline->Illuminate\\Pipeline\\{closure}()
#48 /home/tudor/Desktop/admin-insurances/vendor/laravel/framework/src/Illuminate/Pipeline/Pipeline.php(183): App\\Http\\Middleware\\Authorization->handle()
#49 /home/tudor/Desktop/admin-insurances/vendor/laravel/framework/src/Illuminate/Pipeline/Pipeline.php(119): Illuminate\\Pipeline\\Pipeline->Illuminate\\Pipeline\\{closure}()
#50 /home/tudor/Desktop/admin-insurances/vendor/laravel/framework/src/Illuminate/Routing/Router.php(807): Illuminate\\Pipeline\\Pipeline->then()
#51 /home/tudor/Desktop/admin-insurances/vendor/laravel/framework/src/Illuminate/Routing/Router.php(786): Illuminate\\Routing\\Router->runRouteWithinStack()
#52 /home/tudor/Desktop/admin-insurances/vendor/laravel/framework/src/Illuminate/Routing/Router.php(750): Illuminate\\Routing\\Router->runRoute()
#53 /home/tudor/Desktop/admin-insurances/vendor/laravel/framework/src/Illuminate/Routing/Router.php(739): Illuminate\\Routing\\Router->dispatchToRoute()
#54 /home/tudor/Desktop/admin-insurances/vendor/laravel/framework/src/Illuminate/Foundation/Http/Kernel.php(201): Illuminate\\Routing\\Router->dispatch()
#55 /home/tudor/Desktop/admin-insurances/vendor/laravel/framework/src/Illuminate/Pipeline/Pipeline.php(144): Illuminate\\Foundation\\Http\\Kernel->Illuminate\\Foundation\\Http\\{closure}()
#56 /home/tudor/Desktop/admin-insurances/vendor/laravel/framework/src/Illuminate/Foundation/Http/Middleware/TransformsRequest.php(21): Illuminate\\Pipeline\\Pipeline->Illuminate\\Pipeline\\{closure}()
#57 /home/tudor/Desktop/admin-insurances/vendor/laravel/framework/src/Illuminate/Foundation/Http/Middleware/ConvertEmptyStringsToNull.php(31): Illuminate\\Foundation\\Http\\Middleware\\TransformsRequest->handle()
#58 /home/tudor/Desktop/admin-insurances/vendor/laravel/framework/src/Illuminate/Pipeline/Pipeline.php(183): Illuminate\\Foundation\\Http\\Middleware\\ConvertEmptyStringsToNull->handle()
#59 /home/tudor/Desktop/admin-insurances/vendor/laravel/framework/src/Illuminate/Foundation/Http/Middleware/TransformsRequest.php(21): Illuminate\\Pipeline\\Pipeline->Illuminate\\Pipeline\\{closure}()
#60 /home/tudor/Desktop/admin-insurances/vendor/laravel/framework/src/Illuminate/Foundation/Http/Middleware/TrimStrings.php(51): Illuminate\\Foundation\\Http\\Middleware\\TransformsRequest->handle()
#61 /home/tudor/Desktop/admin-insurances/vendor/laravel/framework/src/Illuminate/Pipeline/Pipeline.php(183): Illuminate\\Foundation\\Http\\Middleware\\TrimStrings->handle()
#62 /home/tudor/Desktop/admin-insurances/vendor/laravel/framework/src/Illuminate/Http/Middleware/ValidatePostSize.php(27): Illuminate\\Pipeline\\Pipeline->Illuminate\\Pipeline\\{closure}()
#63 /home/tudor/Desktop/admin-insurances/vendor/laravel/framework/src/Illuminate/Pipeline/Pipeline.php(183): Illuminate\\Http\\Middleware\\ValidatePostSize->handle()
#64 /home/tudor/Desktop/admin-insurances/vendor/laravel/framework/src/Illuminate/Foundation/Http/Middleware/PreventRequestsDuringMaintenance.php(110): Illuminate\\Pipeline\\Pipeline->Illuminate\\Pipeline\\{closure}()
#65 /home/tudor/Desktop/admin-insurances/vendor/laravel/framework/src/Illuminate/Pipeline/Pipeline.php(183): Illuminate\\Foundation\\Http\\Middleware\\PreventRequestsDuringMaintenance->handle()
#66 /home/tudor/Desktop/admin-insurances/vendor/laravel/framework/src/Illuminate/Http/Middleware/HandleCors.php(62): Illuminate\\Pipeline\\Pipeline->Illuminate\\Pipeline\\{closure}()
#67 /home/tudor/Desktop/admin-insurances/vendor/laravel/framework/src/Illuminate/Pipeline/Pipeline.php(183): Illuminate\\Http\\Middleware\\HandleCors->handle()
#68 /home/tudor/Desktop/admin-insurances/vendor/laravel/framework/src/Illuminate/Http/Middleware/TrustProxies.php(58): Illuminate\\Pipeline\\Pipeline->Illuminate\\Pipeline\\{closure}()
#69 /home/tudor/Desktop/admin-insurances/vendor/laravel/framework/src/Illuminate/Pipeline/Pipeline.php(183): Illuminate\\Http\\Middleware\\TrustProxies->handle()
#70 /home/tudor/Desktop/admin-insurances/vendor/laravel/framework/src/Illuminate/Foundation/Http/Middleware/InvokeDeferredCallbacks.php(22): Illuminate\\Pipeline\\Pipeline->Illuminate\\Pipeline\\{closure}()
#71 /home/tudor/Desktop/admin-insurances/vendor/laravel/framework/src/Illuminate/Pipeline/Pipeline.php(183): Illuminate\\Foundation\\Http\\Middleware\\InvokeDeferredCallbacks->handle()
#72 /home/tudor/Desktop/admin-insurances/vendor/laravel/framework/src/Illuminate/Pipeline/Pipeline.php(119): Illuminate\\Pipeline\\Pipeline->Illuminate\\Pipeline\\{closure}()
#73 /home/tudor/Desktop/admin-insurances/vendor/laravel/framework/src/Illuminate/Foundation/Http/Kernel.php(176): Illuminate\\Pipeline\\Pipeline->then()
#74 /home/tudor/Desktop/admin-insurances/vendor/laravel/framework/src/Illuminate/Foundation/Http/Kernel.php(145): Illuminate\\Foundation\\Http\\Kernel->sendRequestThroughRouter()
#75 /home/tudor/Desktop/admin-insurances/vendor/laravel/framework/src/Illuminate/Foundation/Application.php(1188): Illuminate\\Foundation\\Http\\Kernel->handle()
#76 /home/tudor/Desktop/admin-insurances/public/index.php(17): Illuminate\\Foundation\\Application->handleRequest()
#77 /home/tudor/Desktop/admin-insurances/vendor/laravel/framework/src/Illuminate/Foundation/resources/server.php(23): require_once('...')
#78 {main}
"} 
